This file contains any messages produced by compilers while
running configure, to aid debugging if configure makes a mistake.

It was created by FAAC configure 1.28, which was
generated by GNU Autoconf 2.61.  Invocation command line was

  $ ./configure --prefix=/Users/yangshiqu/Documents/Cache/AndroidCodeAndApp/NDKLib/libfaac/faac-1.28/obj/arm64-v8a --host=arm-linux --with-pic --enable-shared=no

## --------- ##
## Platform. ##
## --------- ##

hostname = YangMac.local
uname -m = x86_64
uname -r = 19.4.0
uname -s = Darwin
uname -v = Darwin Kernel Version 19.4.0: Wed Mar  4 22:28:40 PST 2020; root:xnu-6153.101.6~15/RELEASE_X86_64

/usr/bin/uname -p = i386
/bin/uname -X     = unknown

/bin/arch              = unknown
/usr/bin/arch -k       = unknown
/usr/convex/getsysinfo = unknown
/usr/bin/hostinfo      = Mach kernel version:
	 Darwin Kernel Version 19.4.0: Wed Mar  4 22:28:40 PST 2020; root:xnu-6153.101.6~15/RELEASE_X86_64
Kernel configured for up to 8 processors.
4 processors are physically available.
8 processors are logically available.
Processor type: x86_64h (Intel x86-64h Haswell)
Processors active: 0 1 2 3 4 5 6 7
Primary memory available: 16.00 gigabytes
Default processor set: 536 tasks, 3893 threads, 8 processors
Load average: 3.87, Mach factor: 4.13
/bin/machine           = unknown
/usr/bin/oslevel       = unknown
/bin/universe          = unknown

PATH: /Library/Frameworks/Python.framework/Versions/3.5/bin
PATH: /usr/local/bin
PATH: /usr/bin
PATH: /bin
PATH: /usr/sbin
PATH: /sbin
PATH: /Library/Apple/usr/bin
PATH: /Users/yangshiqu/anaconda3/bin
PATH: /Library/Frameworks/Python.framework/Versions/3.5/bin
PATH: /Library/Java/JavaVirtualMachines/jdk1.8.0_101.jdk/Contents/Home/bin
PATH: /usr/local/Cellar/node@12/12.22.1/bin
PATH: /usr/local/Cellar/mysql@5.6/5.6.51/bin
PATH: /Users/yangshiqu/Library/Android/sdk/platform-tools
PATH: /Users/yangshiqu/Library/Android/sdk/tools
PATH: /Users/yangshiqu/Library/Android/sdk/ndk/16.1.4479499
PATH: /Users/yangshiqu/Library/gradle/gradle-6.5.1/bin
PATH: /Users/yangshiqu/Documents/Cache/AndroidCodeAndApp/NDKLib/Caffe/caffe/python
PATH: /Users/yangshiqu/Library/apache-maven-3.6.3/bin
PATH: /Library/Java/JavaVirtualMachines/jdk1.8.0_101.jdk/Contents/Home/bin
PATH: /Users/yangshiqu/anaconda3/bin
PATH: /usr/local/Cellar/node@12/12.22.1/bin
PATH: /usr/local/Cellar/mysql@5.6/5.6.51/bin
PATH: /Users/yangshiqu/Library/Android/sdk/platform-tools
PATH: /Users/yangshiqu/Library/Android/sdk/tools
PATH: /Users/yangshiqu/Library/Android/sdk/ndk/16.1.4479499
PATH: /Users/yangshiqu/Library/gradle/gradle-6.5.1/bin
PATH: /Users/yangshiqu/Documents/Cache/AndroidCodeAndApp/NDKLib/Caffe/caffe/python
PATH: /Users/yangshiqu/Library/apache-maven-3.6.3/bin


## ----------- ##
## Core tests. ##
## ----------- ##

configure:1982: checking for a BSD-compatible install
configure:2038: result: /usr/bin/install -c
configure:2049: checking whether build environment is sane
configure:2092: result: yes
configure:2157: checking for gawk
configure:2187: result: no
configure:2157: checking for mawk
configure:2187: result: no
configure:2157: checking for nawk
configure:2187: result: no
configure:2157: checking for awk
configure:2173: found /usr/bin/awk
configure:2184: result: awk
configure:2195: checking whether make sets $(MAKE)
configure:2216: result: yes
configure:2292: checking for arm-linux-strip
configure:2319: result: /Users/yangshiqu/Library/Android/sdk/ndk/android-ndk-r10e/toolchains/aarch64-linux-android-4.9/prebuilt/darwin-x86_64/bin/aarch64-linux-android-strip
configure:2432: checking for arm-linux-gcc
configure:2459: result: /Users/yangshiqu/Library/Android/sdk/ndk/android-ndk-r10e/toolchains/aarch64-linux-android-4.9/prebuilt/darwin-x86_64/bin/aarch64-linux-android-gcc --sysroot=/Users/yangshiqu/Library/Android/sdk/ndk/android-ndk-r10e/platforms/android-21/arch-arm64
configure:2737: checking for C compiler version
configure:2744: /Users/yangshiqu/Library/Android/sdk/ndk/android-ndk-r10e/toolchains/aarch64-linux-android-4.9/prebuilt/darwin-x86_64/bin/aarch64-linux-android-gcc --sysroot=/Users/yangshiqu/Library/Android/sdk/ndk/android-ndk-r10e/platforms/android-21/arch-arm64 --version >&5
aarch64-linux-android-gcc (GCC) 4.9 20140827 (prerelease)
Copyright (C) 2014 Free Software Foundation, Inc.
This is free software; see the source for copying conditions.  There is NO
warranty; not even for MERCHANTABILITY or FITNESS FOR A PARTICULAR PURPOSE.

configure:2747: $? = 0
configure:2754: /Users/yangshiqu/Library/Android/sdk/ndk/android-ndk-r10e/toolchains/aarch64-linux-android-4.9/prebuilt/darwin-x86_64/bin/aarch64-linux-android-gcc --sysroot=/Users/yangshiqu/Library/Android/sdk/ndk/android-ndk-r10e/platforms/android-21/arch-arm64 -v >&5
Using built-in specs.
COLLECT_GCC=/Users/yangshiqu/Library/Android/sdk/ndk/android-ndk-r10e/toolchains/aarch64-linux-android-4.9/prebuilt/darwin-x86_64/bin/aarch64-linux-android-gcc
COLLECT_LTO_WRAPPER=/Users/yangshiqu/Library/Android/sdk/ndk/android-ndk-r10e/toolchains/aarch64-linux-android-4.9/prebuilt/darwin-x86_64/bin/../libexec/gcc/aarch64-linux-android/4.9/lto-wrapper
Target: aarch64-linux-android
Configured with: /s/ndk-toolchain/src/build/../gcc/gcc-4.9/configure --prefix=/tmp/ndk-User/build/toolchain/prefix --target=aarch64-linux-android --host=x86_64-apple-darwin --build=x86_64-apple-darwin --with-gnu-as --with-gnu-ld --enable-languages=c,c++ --with-gmp=/tmp/ndk-User/build/toolchain/temp-install --with-mpfr=/tmp/ndk-User/build/toolchain/temp-install --with-mpc=/tmp/ndk-User/build/toolchain/temp-install --with-cloog=/tmp/ndk-User/build/toolchain/temp-install --with-isl=/tmp/ndk-User/build/toolchain/temp-install --with-ppl=/tmp/ndk-User/build/toolchain/temp-install --disable-ppl-version-check --disable-cloog-version-check --disable-isl-version-check --enable-cloog-backend=isl --with-host-libstdcxx='-static-libgcc -lstdc++ -lm' --disable-libssp --enable-threads --disable-nls --disable-libmudflap --disable-libgomp --disable-libstdc__-v3 --disable-sjlj-exceptions --disable-shared --disable-tls --disable-libitm --enable-initfini-array --disable-nls --prefix=/tmp/ndk-User/build/toolchain/prefix --with-sysroot=/tmp/ndk-User/build/toolchain/prefix/sysroot --with-binutils-version=2.25 --with-mpfr-version=3.1.1 --with-mpc-version=1.0.1 --with-gmp-version=5.0.5 --with-gcc-version=4.9 --with-gdb-version=7.7 --with-python=/Users/User/mydroid/ndk/prebuilt/darwin-x86_64/bin/python-config.sh --with-gxx-include-dir=/tmp/ndk-User/build/toolchain/prefix/include/c++/4.9 --with-bugurl=http://source.android.com/source/report-bugs.html --enable-languages=c,c++ --disable-bootstrap --enable-plugins --enable-libgomp --enable-gnu-indirect-function --disable-libsanitizer --enable-gold --enable-ld=default --enable-threads --enable-graphite=yes --with-cloog-version=0.18.0 --with-isl-version=0.11.1 --enable-eh-frame-hdr-for-static --enable-fix-cortex-a53-835769 --program-transform-name='s&^&aarch64-linux-android-&' --enable-gold
Thread model: posix
gcc version 4.9 20140827 (prerelease) (GCC) 
configure:2757: $? = 0
configure:2764: /Users/yangshiqu/Library/Android/sdk/ndk/android-ndk-r10e/toolchains/aarch64-linux-android-4.9/prebuilt/darwin-x86_64/bin/aarch64-linux-android-gcc --sysroot=/Users/yangshiqu/Library/Android/sdk/ndk/android-ndk-r10e/platforms/android-21/arch-arm64 -V >&5
aarch64-linux-android-gcc: error: unrecognized command line option '-V'
aarch64-linux-android-gcc: fatal error: no input files
compilation terminated.
configure:2767: $? = 1
configure:2790: checking for C compiler default output file name
configure:2817: /Users/yangshiqu/Library/Android/sdk/ndk/android-ndk-r10e/toolchains/aarch64-linux-android-4.9/prebuilt/darwin-x86_64/bin/aarch64-linux-android-gcc --sysroot=/Users/yangshiqu/Library/Android/sdk/ndk/android-ndk-r10e/platforms/android-21/arch-arm64 -O2 -Wall   conftest.c  >&5
configure:2820: $? = 0
configure:2858: result: a.out
configure:2875: checking whether the C compiler works
configure:2885: ./a.out
./configure: line 2886: ./a.out: cannot execute binary file
configure:2888: $? = 126
configure:2905: result: yes
configure:2912: checking whether we are cross compiling
configure:2914: result: yes
configure:2917: checking for suffix of executables
configure:2924: /Users/yangshiqu/Library/Android/sdk/ndk/android-ndk-r10e/toolchains/aarch64-linux-android-4.9/prebuilt/darwin-x86_64/bin/aarch64-linux-android-gcc --sysroot=/Users/yangshiqu/Library/Android/sdk/ndk/android-ndk-r10e/platforms/android-21/arch-arm64 -o conftest -O2 -Wall   conftest.c  >&5
configure:2927: $? = 0
configure:2951: result: 
configure:2957: checking for suffix of object files
configure:2983: /Users/yangshiqu/Library/Android/sdk/ndk/android-ndk-r10e/toolchains/aarch64-linux-android-4.9/prebuilt/darwin-x86_64/bin/aarch64-linux-android-gcc --sysroot=/Users/yangshiqu/Library/Android/sdk/ndk/android-ndk-r10e/platforms/android-21/arch-arm64 -c -O2 -Wall  conftest.c >&5
configure:2986: $? = 0
configure:3009: result: o
configure:3013: checking whether we are using the GNU C compiler
configure:3042: /Users/yangshiqu/Library/Android/sdk/ndk/android-ndk-r10e/toolchains/aarch64-linux-android-4.9/prebuilt/darwin-x86_64/bin/aarch64-linux-android-gcc --sysroot=/Users/yangshiqu/Library/Android/sdk/ndk/android-ndk-r10e/platforms/android-21/arch-arm64 -c -O2 -Wall  conftest.c >&5
configure:3048: $? = 0
configure:3065: result: yes
configure:3070: checking whether /Users/yangshiqu/Library/Android/sdk/ndk/android-ndk-r10e/toolchains/aarch64-linux-android-4.9/prebuilt/darwin-x86_64/bin/aarch64-linux-android-gcc --sysroot=/Users/yangshiqu/Library/Android/sdk/ndk/android-ndk-r10e/platforms/android-21/arch-arm64 accepts -g
configure:3100: /Users/yangshiqu/Library/Android/sdk/ndk/android-ndk-r10e/toolchains/aarch64-linux-android-4.9/prebuilt/darwin-x86_64/bin/aarch64-linux-android-gcc --sysroot=/Users/yangshiqu/Library/Android/sdk/ndk/android-ndk-r10e/platforms/android-21/arch-arm64 -c -g  conftest.c >&5
configure:3106: $? = 0
configure:3205: result: yes
configure:3222: checking for /Users/yangshiqu/Library/Android/sdk/ndk/android-ndk-r10e/toolchains/aarch64-linux-android-4.9/prebuilt/darwin-x86_64/bin/aarch64-linux-android-gcc --sysroot=/Users/yangshiqu/Library/Android/sdk/ndk/android-ndk-r10e/platforms/android-21/arch-arm64 option to accept ISO C89
configure:3296: /Users/yangshiqu/Library/Android/sdk/ndk/android-ndk-r10e/toolchains/aarch64-linux-android-4.9/prebuilt/darwin-x86_64/bin/aarch64-linux-android-gcc --sysroot=/Users/yangshiqu/Library/Android/sdk/ndk/android-ndk-r10e/platforms/android-21/arch-arm64  -c -O2 -Wall  conftest.c >&5
configure:3302: $? = 0
configure:3325: result: none needed
configure:3354: checking for style of include used by make
configure:3382: result: GNU
configure:3410: checking dependency style of /Users/yangshiqu/Library/Android/sdk/ndk/android-ndk-r10e/toolchains/aarch64-linux-android-4.9/prebuilt/darwin-x86_64/bin/aarch64-linux-android-gcc --sysroot=/Users/yangshiqu/Library/Android/sdk/ndk/android-ndk-r10e/platforms/android-21/arch-arm64
configure:3500: result: gcc3
configure:3633: checking for C++ compiler version
configure:3640: /Users/yangshiqu/Library/Android/sdk/ndk/android-ndk-r10e/toolchains/aarch64-linux-android-4.9/prebuilt/darwin-x86_64/bin/aarch64-linux-android-g++ --sysroot=/Users/yangshiqu/Library/Android/sdk/ndk/android-ndk-r10e/platforms/android-21/arch-arm64 --version >&5
aarch64-linux-android-g++ (GCC) 4.9 20140827 (prerelease)
Copyright (C) 2014 Free Software Foundation, Inc.
This is free software; see the source for copying conditions.  There is NO
warranty; not even for MERCHANTABILITY or FITNESS FOR A PARTICULAR PURPOSE.

configure:3643: $? = 0
configure:3650: /Users/yangshiqu/Library/Android/sdk/ndk/android-ndk-r10e/toolchains/aarch64-linux-android-4.9/prebuilt/darwin-x86_64/bin/aarch64-linux-android-g++ --sysroot=/Users/yangshiqu/Library/Android/sdk/ndk/android-ndk-r10e/platforms/android-21/arch-arm64 -v >&5
Using built-in specs.
COLLECT_GCC=/Users/yangshiqu/Library/Android/sdk/ndk/android-ndk-r10e/toolchains/aarch64-linux-android-4.9/prebuilt/darwin-x86_64/bin/aarch64-linux-android-g++
COLLECT_LTO_WRAPPER=/Users/yangshiqu/Library/Android/sdk/ndk/android-ndk-r10e/toolchains/aarch64-linux-android-4.9/prebuilt/darwin-x86_64/bin/../libexec/gcc/aarch64-linux-android/4.9/lto-wrapper
Target: aarch64-linux-android
Configured with: /s/ndk-toolchain/src/build/../gcc/gcc-4.9/configure --prefix=/tmp/ndk-User/build/toolchain/prefix --target=aarch64-linux-android --host=x86_64-apple-darwin --build=x86_64-apple-darwin --with-gnu-as --with-gnu-ld --enable-languages=c,c++ --with-gmp=/tmp/ndk-User/build/toolchain/temp-install --with-mpfr=/tmp/ndk-User/build/toolchain/temp-install --with-mpc=/tmp/ndk-User/build/toolchain/temp-install --with-cloog=/tmp/ndk-User/build/toolchain/temp-install --with-isl=/tmp/ndk-User/build/toolchain/temp-install --with-ppl=/tmp/ndk-User/build/toolchain/temp-install --disable-ppl-version-check --disable-cloog-version-check --disable-isl-version-check --enable-cloog-backend=isl --with-host-libstdcxx='-static-libgcc -lstdc++ -lm' --disable-libssp --enable-threads --disable-nls --disable-libmudflap --disable-libgomp --disable-libstdc__-v3 --disable-sjlj-exceptions --disable-shared --disable-tls --disable-libitm --enable-initfini-array --disable-nls --prefix=/tmp/ndk-User/build/toolchain/prefix --with-sysroot=/tmp/ndk-User/build/toolchain/prefix/sysroot --with-binutils-version=2.25 --with-mpfr-version=3.1.1 --with-mpc-version=1.0.1 --with-gmp-version=5.0.5 --with-gcc-version=4.9 --with-gdb-version=7.7 --with-python=/Users/User/mydroid/ndk/prebuilt/darwin-x86_64/bin/python-config.sh --with-gxx-include-dir=/tmp/ndk-User/build/toolchain/prefix/include/c++/4.9 --with-bugurl=http://source.android.com/source/report-bugs.html --enable-languages=c,c++ --disable-bootstrap --enable-plugins --enable-libgomp --enable-gnu-indirect-function --disable-libsanitizer --enable-gold --enable-ld=default --enable-threads --enable-graphite=yes --with-cloog-version=0.18.0 --with-isl-version=0.11.1 --enable-eh-frame-hdr-for-static --enable-fix-cortex-a53-835769 --program-transform-name='s&^&aarch64-linux-android-&' --enable-gold
Thread model: posix
gcc version 4.9 20140827 (prerelease) (GCC) 
configure:3653: $? = 0
configure:3660: /Users/yangshiqu/Library/Android/sdk/ndk/android-ndk-r10e/toolchains/aarch64-linux-android-4.9/prebuilt/darwin-x86_64/bin/aarch64-linux-android-g++ --sysroot=/Users/yangshiqu/Library/Android/sdk/ndk/android-ndk-r10e/platforms/android-21/arch-arm64 -V >&5
aarch64-linux-android-g++: error: unrecognized command line option '-V'
aarch64-linux-android-g++: fatal error: no input files
compilation terminated.
configure:3663: $? = 1
configure:3666: checking whether we are using the GNU C++ compiler
configure:3695: /Users/yangshiqu/Library/Android/sdk/ndk/android-ndk-r10e/toolchains/aarch64-linux-android-4.9/prebuilt/darwin-x86_64/bin/aarch64-linux-android-g++ --sysroot=/Users/yangshiqu/Library/Android/sdk/ndk/android-ndk-r10e/platforms/android-21/arch-arm64 -c   conftest.cpp >&5
configure:3701: $? = 0
configure:3718: result: yes
configure:3723: checking whether /Users/yangshiqu/Library/Android/sdk/ndk/android-ndk-r10e/toolchains/aarch64-linux-android-4.9/prebuilt/darwin-x86_64/bin/aarch64-linux-android-g++ --sysroot=/Users/yangshiqu/Library/Android/sdk/ndk/android-ndk-r10e/platforms/android-21/arch-arm64 accepts -g
configure:3753: /Users/yangshiqu/Library/Android/sdk/ndk/android-ndk-r10e/toolchains/aarch64-linux-android-4.9/prebuilt/darwin-x86_64/bin/aarch64-linux-android-g++ --sysroot=/Users/yangshiqu/Library/Android/sdk/ndk/android-ndk-r10e/platforms/android-21/arch-arm64 -c -g  conftest.cpp >&5
configure:3759: $? = 0
configure:3858: result: yes
configure:3883: checking dependency style of /Users/yangshiqu/Library/Android/sdk/ndk/android-ndk-r10e/toolchains/aarch64-linux-android-4.9/prebuilt/darwin-x86_64/bin/aarch64-linux-android-g++ --sysroot=/Users/yangshiqu/Library/Android/sdk/ndk/android-ndk-r10e/platforms/android-21/arch-arm64
configure:3973: result: gcc3
configure:4068: checking build system type
configure:4086: result: i386-apple-darwin19.4.0
configure:4108: checking host system type
configure:4123: result: arm-unknown-linux-gnu
configure:4145: checking for a sed that does not truncate output
configure:4199: result: /usr/bin/sed
configure:4202: checking for grep that handles long lines and -e
configure:4276: result: /usr/bin/grep
configure:4281: checking for egrep
configure:4359: result: /usr/bin/grep -E
configure:4375: checking for ld used by /Users/yangshiqu/Library/Android/sdk/ndk/android-ndk-r10e/toolchains/aarch64-linux-android-4.9/prebuilt/darwin-x86_64/bin/aarch64-linux-android-gcc --sysroot=/Users/yangshiqu/Library/Android/sdk/ndk/android-ndk-r10e/platforms/android-21/arch-arm64
configure:4442: result: /Users/yangshiqu/Library/Android/sdk/ndk/android-ndk-r10e/toolchains/aarch64-linux-android-4.9/prebuilt/darwin-x86_64/aarch64-linux-android/bin/ld
configure:4451: checking if the linker (/Users/yangshiqu/Library/Android/sdk/ndk/android-ndk-r10e/toolchains/aarch64-linux-android-4.9/prebuilt/darwin-x86_64/aarch64-linux-android/bin/ld) is GNU ld
configure:4466: result: yes
configure:4471: checking for /Users/yangshiqu/Library/Android/sdk/ndk/android-ndk-r10e/toolchains/aarch64-linux-android-4.9/prebuilt/darwin-x86_64/aarch64-linux-android/bin/ld option to reload object files
configure:4478: result: -r
configure:4496: checking for BSD-compatible nm
configure:4545: result: /Users/yangshiqu/Library/Android/sdk/ndk/android-ndk-r10e/toolchains/aarch64-linux-android-4.9/prebuilt/darwin-x86_64/bin/aarch64-linux-android-nm
configure:4549: checking whether ln -s works
configure:4553: result: yes
configure:4560: checking how to recognise dependent libraries
configure:4736: result: pass_all
configure:4970: checking how to run the C preprocessor
configure:5010: /Users/yangshiqu/Library/Android/sdk/ndk/android-ndk-r10e/toolchains/aarch64-linux-android-4.9/prebuilt/darwin-x86_64/bin/aarch64-linux-android-gcc --sysroot=/Users/yangshiqu/Library/Android/sdk/ndk/android-ndk-r10e/platforms/android-21/arch-arm64 -E  conftest.c
configure:5016: $? = 0
configure:5047: /Users/yangshiqu/Library/Android/sdk/ndk/android-ndk-r10e/toolchains/aarch64-linux-android-4.9/prebuilt/darwin-x86_64/bin/aarch64-linux-android-gcc --sysroot=/Users/yangshiqu/Library/Android/sdk/ndk/android-ndk-r10e/platforms/android-21/arch-arm64 -E  conftest.c
conftest.c:10:28: fatal error: ac_nonexistent.h: No such file or directory
 #include <ac_nonexistent.h>
                            ^
compilation terminated.
configure:5053: $? = 1
configure: failed program was:
| /* confdefs.h.  */
| #define PACKAGE_NAME "FAAC"
| #define PACKAGE_TARNAME "faac"
| #define PACKAGE_VERSION "1.28"
| #define PACKAGE_STRING "FAAC 1.28"
| #define PACKAGE_BUGREPORT "faac-dev@lists.sourceforge.net"
| #define PACKAGE "faac"
| #define VERSION "1.28"
| /* end confdefs.h.  */
| #include <ac_nonexistent.h>
configure:5086: result: /Users/yangshiqu/Library/Android/sdk/ndk/android-ndk-r10e/toolchains/aarch64-linux-android-4.9/prebuilt/darwin-x86_64/bin/aarch64-linux-android-gcc --sysroot=/Users/yangshiqu/Library/Android/sdk/ndk/android-ndk-r10e/platforms/android-21/arch-arm64 -E
configure:5115: /Users/yangshiqu/Library/Android/sdk/ndk/android-ndk-r10e/toolchains/aarch64-linux-android-4.9/prebuilt/darwin-x86_64/bin/aarch64-linux-android-gcc --sysroot=/Users/yangshiqu/Library/Android/sdk/ndk/android-ndk-r10e/platforms/android-21/arch-arm64 -E  conftest.c
configure:5121: $? = 0
configure:5152: /Users/yangshiqu/Library/Android/sdk/ndk/android-ndk-r10e/toolchains/aarch64-linux-android-4.9/prebuilt/darwin-x86_64/bin/aarch64-linux-android-gcc --sysroot=/Users/yangshiqu/Library/Android/sdk/ndk/android-ndk-r10e/platforms/android-21/arch-arm64 -E  conftest.c
conftest.c:10:28: fatal error: ac_nonexistent.h: No such file or directory
 #include <ac_nonexistent.h>
                            ^
compilation terminated.
configure:5158: $? = 1
configure: failed program was:
| /* confdefs.h.  */
| #define PACKAGE_NAME "FAAC"
| #define PACKAGE_TARNAME "faac"
| #define PACKAGE_VERSION "1.28"
| #define PACKAGE_STRING "FAAC 1.28"
| #define PACKAGE_BUGREPORT "faac-dev@lists.sourceforge.net"
| #define PACKAGE "faac"
| #define VERSION "1.28"
| /* end confdefs.h.  */
| #include <ac_nonexistent.h>
configure:5196: checking for ANSI C header files
configure:5226: /Users/yangshiqu/Library/Android/sdk/ndk/android-ndk-r10e/toolchains/aarch64-linux-android-4.9/prebuilt/darwin-x86_64/bin/aarch64-linux-android-gcc --sysroot=/Users/yangshiqu/Library/Android/sdk/ndk/android-ndk-r10e/platforms/android-21/arch-arm64 -c -O2 -Wall  conftest.c >&5
configure:5232: $? = 0
configure:5360: result: yes
configure:5384: checking for sys/types.h
configure:5405: /Users/yangshiqu/Library/Android/sdk/ndk/android-ndk-r10e/toolchains/aarch64-linux-android-4.9/prebuilt/darwin-x86_64/bin/aarch64-linux-android-gcc --sysroot=/Users/yangshiqu/Library/Android/sdk/ndk/android-ndk-r10e/platforms/android-21/arch-arm64 -c -O2 -Wall  conftest.c >&5
configure:5411: $? = 0
configure:5427: result: yes
configure:5384: checking for sys/stat.h
configure:5405: /Users/yangshiqu/Library/Android/sdk/ndk/android-ndk-r10e/toolchains/aarch64-linux-android-4.9/prebuilt/darwin-x86_64/bin/aarch64-linux-android-gcc --sysroot=/Users/yangshiqu/Library/Android/sdk/ndk/android-ndk-r10e/platforms/android-21/arch-arm64 -c -O2 -Wall  conftest.c >&5
configure:5411: $? = 0
configure:5427: result: yes
configure:5384: checking for stdlib.h
configure:5405: /Users/yangshiqu/Library/Android/sdk/ndk/android-ndk-r10e/toolchains/aarch64-linux-android-4.9/prebuilt/darwin-x86_64/bin/aarch64-linux-android-gcc --sysroot=/Users/yangshiqu/Library/Android/sdk/ndk/android-ndk-r10e/platforms/android-21/arch-arm64 -c -O2 -Wall  conftest.c >&5
configure:5411: $? = 0
configure:5427: result: yes
configure:5384: checking for string.h
configure:5405: /Users/yangshiqu/Library/Android/sdk/ndk/android-ndk-r10e/toolchains/aarch64-linux-android-4.9/prebuilt/darwin-x86_64/bin/aarch64-linux-android-gcc --sysroot=/Users/yangshiqu/Library/Android/sdk/ndk/android-ndk-r10e/platforms/android-21/arch-arm64 -c -O2 -Wall  conftest.c >&5
configure:5411: $? = 0
configure:5427: result: yes
configure:5384: checking for memory.h
configure:5405: /Users/yangshiqu/Library/Android/sdk/ndk/android-ndk-r10e/toolchains/aarch64-linux-android-4.9/prebuilt/darwin-x86_64/bin/aarch64-linux-android-gcc --sysroot=/Users/yangshiqu/Library/Android/sdk/ndk/android-ndk-r10e/platforms/android-21/arch-arm64 -c -O2 -Wall  conftest.c >&5
configure:5411: $? = 0
configure:5427: result: yes
configure:5384: checking for strings.h
configure:5405: /Users/yangshiqu/Library/Android/sdk/ndk/android-ndk-r10e/toolchains/aarch64-linux-android-4.9/prebuilt/darwin-x86_64/bin/aarch64-linux-android-gcc --sysroot=/Users/yangshiqu/Library/Android/sdk/ndk/android-ndk-r10e/platforms/android-21/arch-arm64 -c -O2 -Wall  conftest.c >&5
configure:5411: $? = 0
configure:5427: result: yes
configure:5384: checking for inttypes.h
configure:5405: /Users/yangshiqu/Library/Android/sdk/ndk/android-ndk-r10e/toolchains/aarch64-linux-android-4.9/prebuilt/darwin-x86_64/bin/aarch64-linux-android-gcc --sysroot=/Users/yangshiqu/Library/Android/sdk/ndk/android-ndk-r10e/platforms/android-21/arch-arm64 -c -O2 -Wall  conftest.c >&5
configure:5411: $? = 0
configure:5427: result: yes
configure:5384: checking for stdint.h
configure:5405: /Users/yangshiqu/Library/Android/sdk/ndk/android-ndk-r10e/toolchains/aarch64-linux-android-4.9/prebuilt/darwin-x86_64/bin/aarch64-linux-android-gcc --sysroot=/Users/yangshiqu/Library/Android/sdk/ndk/android-ndk-r10e/platforms/android-21/arch-arm64 -c -O2 -Wall  conftest.c >&5
configure:5411: $? = 0
configure:5427: result: yes
configure:5384: checking for unistd.h
configure:5405: /Users/yangshiqu/Library/Android/sdk/ndk/android-ndk-r10e/toolchains/aarch64-linux-android-4.9/prebuilt/darwin-x86_64/bin/aarch64-linux-android-gcc --sysroot=/Users/yangshiqu/Library/Android/sdk/ndk/android-ndk-r10e/platforms/android-21/arch-arm64 -c -O2 -Wall  conftest.c >&5
configure:5411: $? = 0
configure:5427: result: yes
configure:5454: checking dlfcn.h usability
configure:5471: /Users/yangshiqu/Library/Android/sdk/ndk/android-ndk-r10e/toolchains/aarch64-linux-android-4.9/prebuilt/darwin-x86_64/bin/aarch64-linux-android-gcc --sysroot=/Users/yangshiqu/Library/Android/sdk/ndk/android-ndk-r10e/platforms/android-21/arch-arm64 -c -O2 -Wall  conftest.c >&5
configure:5477: $? = 0
configure:5491: result: yes
configure:5495: checking dlfcn.h presence
configure:5510: /Users/yangshiqu/Library/Android/sdk/ndk/android-ndk-r10e/toolchains/aarch64-linux-android-4.9/prebuilt/darwin-x86_64/bin/aarch64-linux-android-gcc --sysroot=/Users/yangshiqu/Library/Android/sdk/ndk/android-ndk-r10e/platforms/android-21/arch-arm64 -E  conftest.c
configure:5516: $? = 0
configure:5530: result: yes
configure:5563: checking for dlfcn.h
configure:5571: result: yes
configure:5594: checking how to run the C++ preprocessor
configure:5630: /Users/yangshiqu/Library/Android/sdk/ndk/android-ndk-r10e/toolchains/aarch64-linux-android-4.9/prebuilt/darwin-x86_64/bin/aarch64-linux-android-g++ --sysroot=/Users/yangshiqu/Library/Android/sdk/ndk/android-ndk-r10e/platforms/android-21/arch-arm64 -E  conftest.cpp
configure:5636: $? = 0
configure:5667: /Users/yangshiqu/Library/Android/sdk/ndk/android-ndk-r10e/toolchains/aarch64-linux-android-4.9/prebuilt/darwin-x86_64/bin/aarch64-linux-android-g++ --sysroot=/Users/yangshiqu/Library/Android/sdk/ndk/android-ndk-r10e/platforms/android-21/arch-arm64 -E  conftest.cpp
conftest.cpp:21:28: fatal error: ac_nonexistent.h: No such file or directory
 #include <ac_nonexistent.h>
                            ^
compilation terminated.
configure:5673: $? = 1
configure: failed program was:
| /* confdefs.h.  */
| #define PACKAGE_NAME "FAAC"
| #define PACKAGE_TARNAME "faac"
| #define PACKAGE_VERSION "1.28"
| #define PACKAGE_STRING "FAAC 1.28"
| #define PACKAGE_BUGREPORT "faac-dev@lists.sourceforge.net"
| #define PACKAGE "faac"
| #define VERSION "1.28"
| #define STDC_HEADERS 1
| #define HAVE_SYS_TYPES_H 1
| #define HAVE_SYS_STAT_H 1
| #define HAVE_STDLIB_H 1
| #define HAVE_STRING_H 1
| #define HAVE_MEMORY_H 1
| #define HAVE_STRINGS_H 1
| #define HAVE_INTTYPES_H 1
| #define HAVE_STDINT_H 1
| #define HAVE_UNISTD_H 1
| #define HAVE_DLFCN_H 1
| /* end confdefs.h.  */
| #include <ac_nonexistent.h>
configure:5706: result: /Users/yangshiqu/Library/Android/sdk/ndk/android-ndk-r10e/toolchains/aarch64-linux-android-4.9/prebuilt/darwin-x86_64/bin/aarch64-linux-android-g++ --sysroot=/Users/yangshiqu/Library/Android/sdk/ndk/android-ndk-r10e/platforms/android-21/arch-arm64 -E
configure:5735: /Users/yangshiqu/Library/Android/sdk/ndk/android-ndk-r10e/toolchains/aarch64-linux-android-4.9/prebuilt/darwin-x86_64/bin/aarch64-linux-android-g++ --sysroot=/Users/yangshiqu/Library/Android/sdk/ndk/android-ndk-r10e/platforms/android-21/arch-arm64 -E  conftest.cpp
configure:5741: $? = 0
configure:5772: /Users/yangshiqu/Library/Android/sdk/ndk/android-ndk-r10e/toolchains/aarch64-linux-android-4.9/prebuilt/darwin-x86_64/bin/aarch64-linux-android-g++ --sysroot=/Users/yangshiqu/Library/Android/sdk/ndk/android-ndk-r10e/platforms/android-21/arch-arm64 -E  conftest.cpp
conftest.cpp:21:28: fatal error: ac_nonexistent.h: No such file or directory
 #include <ac_nonexistent.h>
                            ^
compilation terminated.
configure:5778: $? = 1
configure: failed program was:
| /* confdefs.h.  */
| #define PACKAGE_NAME "FAAC"
| #define PACKAGE_TARNAME "faac"
| #define PACKAGE_VERSION "1.28"
| #define PACKAGE_STRING "FAAC 1.28"
| #define PACKAGE_BUGREPORT "faac-dev@lists.sourceforge.net"
| #define PACKAGE "faac"
| #define VERSION "1.28"
| #define STDC_HEADERS 1
| #define HAVE_SYS_TYPES_H 1
| #define HAVE_SYS_STAT_H 1
| #define HAVE_STDLIB_H 1
| #define HAVE_STRING_H 1
| #define HAVE_MEMORY_H 1
| #define HAVE_STRINGS_H 1
| #define HAVE_INTTYPES_H 1
| #define HAVE_STDINT_H 1
| #define HAVE_UNISTD_H 1
| #define HAVE_DLFCN_H 1
| /* end confdefs.h.  */
| #include <ac_nonexistent.h>
configure:5827: checking for arm-linux-g77
configure:5857: result: no
configure:5827: checking for arm-linux-xlf
configure:5857: result: no
configure:5827: checking for arm-linux-f77
configure:5857: result: no
configure:5827: checking for arm-linux-frt
configure:5857: result: no
configure:5827: checking for arm-linux-pgf77
configure:5857: result: no
configure:5827: checking for arm-linux-cf77
configure:5857: result: no
configure:5827: checking for arm-linux-fort77
configure:5857: result: no
configure:5827: checking for arm-linux-fl32
configure:5857: result: no
configure:5827: checking for arm-linux-af77
configure:5857: result: no
configure:5827: checking for arm-linux-xlf90
configure:5857: result: no
configure:5827: checking for arm-linux-f90
configure:5857: result: no
configure:5827: checking for arm-linux-pgf90
configure:5857: result: no
configure:5827: checking for arm-linux-pghpf
configure:5857: result: no
configure:5827: checking for arm-linux-epcf90
configure:5857: result: no
configure:5827: checking for arm-linux-gfortran
configure:5857: result: no
configure:5827: checking for arm-linux-g95
configure:5857: result: no
configure:5827: checking for arm-linux-xlf95
configure:5857: result: no
configure:5827: checking for arm-linux-f95
configure:5857: result: no
configure:5827: checking for arm-linux-fort
configure:5857: result: no
configure:5827: checking for arm-linux-ifort
configure:5857: result: no
configure:5827: checking for arm-linux-ifc
configure:5857: result: no
configure:5827: checking for arm-linux-efc
configure:5857: result: no
configure:5827: checking for arm-linux-pgf95
configure:5857: result: no
configure:5827: checking for arm-linux-lf95
configure:5857: result: no
configure:5827: checking for arm-linux-ftn
configure:5857: result: no
configure:5871: checking for g77
configure:5901: result: no
configure:5871: checking for xlf
configure:5901: result: no
configure:5871: checking for f77
configure:5901: result: no
configure:5871: checking for frt
configure:5901: result: no
configure:5871: checking for pgf77
configure:5901: result: no
configure:5871: checking for cf77
configure:5901: result: no
configure:5871: checking for fort77
configure:5901: result: no
configure:5871: checking for fl32
configure:5901: result: no
configure:5871: checking for af77
configure:5901: result: no
configure:5871: checking for xlf90
configure:5901: result: no
configure:5871: checking for f90
configure:5901: result: no
configure:5871: checking for pgf90
configure:5901: result: no
configure:5871: checking for pghpf
configure:5901: result: no
configure:5871: checking for epcf90
configure:5901: result: no
configure:5871: checking for gfortran
configure:5887: found /usr/local/bin/gfortran
configure:5898: result: gfortran
configure:5916: WARNING: In the future, Autoconf will not detect cross-tools
whose name does not start with the host triplet.  If you think this
configuration is useful to you, please write to autoconf@gnu.org.
configure:5928: checking for Fortran 77 compiler version
configure:5935: gfortran --version >&5
GNU Fortran (Homebrew GCC 10.2.0) 10.2.0
Copyright (C) 2020 Free Software Foundation, Inc.
This is free software; see the source for copying conditions.  There is NO
warranty; not even for MERCHANTABILITY or FITNESS FOR A PARTICULAR PURPOSE.

configure:5938: $? = 0
configure:5945: gfortran -v >&5
Using built-in specs.
COLLECT_GCC=gfortran
COLLECT_LTO_WRAPPER=/usr/local/Cellar/gcc/10.2.0/libexec/gcc/x86_64-apple-darwin19/10.2.0/lto-wrapper
Target: x86_64-apple-darwin19
Configured with: ../configure --build=x86_64-apple-darwin19 --prefix=/usr/local/Cellar/gcc/10.2.0 --libdir=/usr/local/Cellar/gcc/10.2.0/lib/gcc/10 --disable-nls --enable-checking=release --enable-languages=c,c++,objc,obj-c++,fortran --program-suffix=-10 --with-gmp=/usr/local/opt/gmp --with-mpfr=/usr/local/opt/mpfr --with-mpc=/usr/local/opt/libmpc --with-isl=/usr/local/opt/isl --with-system-zlib --with-pkgversion='Homebrew GCC 10.2.0' --with-bugurl=https://github.com/Homebrew/homebrew-core/issues --disable-multilib --with-native-system-header-dir=/usr/include --with-sysroot=/Library/Developer/CommandLineTools/SDKs/MacOSX10.15.sdk SED=/usr/bin/sed
Thread model: posix
Supported LTO compression algorithms: zlib
gcc version 10.2.0 (Homebrew GCC 10.2.0) 
configure:5948: $? = 0
configure:5955: gfortran -V >&5
gfortran: error: unrecognized command-line option '-V'
gfortran: fatal error: no input files
compilation terminated.
configure:5958: $? = 1
configure:5966: checking whether we are using the GNU Fortran 77 compiler
configure:5985: gfortran -c  conftest.F >&5
configure:5991: $? = 0
configure:6008: result: yes
configure:6014: checking whether gfortran accepts -g
configure:6031: gfortran -c -g conftest.f >&5
configure:6037: $? = 0
configure:6053: result: yes
configure:6083: checking the maximum length of command line arguments
configure:6192: result: 196608
configure:6203: checking command to parse /Users/yangshiqu/Library/Android/sdk/ndk/android-ndk-r10e/toolchains/aarch64-linux-android-4.9/prebuilt/darwin-x86_64/bin/aarch64-linux-android-nm output from /Users/yangshiqu/Library/Android/sdk/ndk/android-ndk-r10e/toolchains/aarch64-linux-android-4.9/prebuilt/darwin-x86_64/bin/aarch64-linux-android-gcc --sysroot=/Users/yangshiqu/Library/Android/sdk/ndk/android-ndk-r10e/platforms/android-21/arch-arm64 object
configure:6308: /Users/yangshiqu/Library/Android/sdk/ndk/android-ndk-r10e/toolchains/aarch64-linux-android-4.9/prebuilt/darwin-x86_64/bin/aarch64-linux-android-gcc --sysroot=/Users/yangshiqu/Library/Android/sdk/ndk/android-ndk-r10e/platforms/android-21/arch-arm64 -c -O2 -Wall  conftest.c >&5
configure:6311: $? = 0
configure:6315: /Users/yangshiqu/Library/Android/sdk/ndk/android-ndk-r10e/toolchains/aarch64-linux-android-4.9/prebuilt/darwin-x86_64/bin/aarch64-linux-android-nm conftest.o \| sed -n -e 's/^.*[ 	]\([ABCDGIRSTW][ABCDGIRSTW]*\)[ 	][ 	]*\([_A-Za-z][_A-Za-z0-9]*\)$/\1 \2 \2/p' \> conftest.nm
configure:6318: $? = 0
configure:6370: /Users/yangshiqu/Library/Android/sdk/ndk/android-ndk-r10e/toolchains/aarch64-linux-android-4.9/prebuilt/darwin-x86_64/bin/aarch64-linux-android-gcc --sysroot=/Users/yangshiqu/Library/Android/sdk/ndk/android-ndk-r10e/platforms/android-21/arch-arm64 -o conftest -O2 -Wall   conftest.c conftstm.o >&5
configure:6373: $? = 0
configure:6411: result: ok
configure:6415: checking for objdir
configure:6430: result: .libs
configure:6482: checking for arm-linux-ar
configure:6509: result: /Users/yangshiqu/Library/Android/sdk/ndk/android-ndk-r10e/toolchains/aarch64-linux-android-4.9/prebuilt/darwin-x86_64/bin/aarch64-linux-android-ar
configure:6578: checking for arm-linux-ranlib
configure:6605: result: /Users/yangshiqu/Library/Android/sdk/ndk/android-ndk-r10e/toolchains/aarch64-linux-android-4.9/prebuilt/darwin-x86_64/bin/aarch64-linux-android-ranlib
configure:6674: checking for arm-linux-strip
configure:6701: result: /Users/yangshiqu/Library/Android/sdk/ndk/android-ndk-r10e/toolchains/aarch64-linux-android-4.9/prebuilt/darwin-x86_64/bin/aarch64-linux-android-strip
configure:7027: checking if /Users/yangshiqu/Library/Android/sdk/ndk/android-ndk-r10e/toolchains/aarch64-linux-android-4.9/prebuilt/darwin-x86_64/bin/aarch64-linux-android-gcc --sysroot=/Users/yangshiqu/Library/Android/sdk/ndk/android-ndk-r10e/platforms/android-21/arch-arm64 supports -fno-rtti -fno-exceptions
configure:7045: /Users/yangshiqu/Library/Android/sdk/ndk/android-ndk-r10e/toolchains/aarch64-linux-android-4.9/prebuilt/darwin-x86_64/bin/aarch64-linux-android-gcc --sysroot=/Users/yangshiqu/Library/Android/sdk/ndk/android-ndk-r10e/platforms/android-21/arch-arm64 -c -O2 -Wall  -fno-rtti -fno-exceptions conftest.c >&5
cc1: warning: command line option '-fno-rtti' is valid for C++/ObjC++ but not for C
configure:7049: $? = 0
configure:7062: result: no
configure:7077: checking for /Users/yangshiqu/Library/Android/sdk/ndk/android-ndk-r10e/toolchains/aarch64-linux-android-4.9/prebuilt/darwin-x86_64/bin/aarch64-linux-android-gcc --sysroot=/Users/yangshiqu/Library/Android/sdk/ndk/android-ndk-r10e/platforms/android-21/arch-arm64 option to produce PIC
configure:7287: result: -fPIC
configure:7295: checking if /Users/yangshiqu/Library/Android/sdk/ndk/android-ndk-r10e/toolchains/aarch64-linux-android-4.9/prebuilt/darwin-x86_64/bin/aarch64-linux-android-gcc --sysroot=/Users/yangshiqu/Library/Android/sdk/ndk/android-ndk-r10e/platforms/android-21/arch-arm64 PIC flag -fPIC works
configure:7313: /Users/yangshiqu/Library/Android/sdk/ndk/android-ndk-r10e/toolchains/aarch64-linux-android-4.9/prebuilt/darwin-x86_64/bin/aarch64-linux-android-gcc --sysroot=/Users/yangshiqu/Library/Android/sdk/ndk/android-ndk-r10e/platforms/android-21/arch-arm64 -c -O2 -Wall  -fPIC -DPIC conftest.c >&5
configure:7317: $? = 0
configure:7330: result: yes
configure:7358: checking if /Users/yangshiqu/Library/Android/sdk/ndk/android-ndk-r10e/toolchains/aarch64-linux-android-4.9/prebuilt/darwin-x86_64/bin/aarch64-linux-android-gcc --sysroot=/Users/yangshiqu/Library/Android/sdk/ndk/android-ndk-r10e/platforms/android-21/arch-arm64 static flag -static works
configure:7386: result: yes
configure:7396: checking if /Users/yangshiqu/Library/Android/sdk/ndk/android-ndk-r10e/toolchains/aarch64-linux-android-4.9/prebuilt/darwin-x86_64/bin/aarch64-linux-android-gcc --sysroot=/Users/yangshiqu/Library/Android/sdk/ndk/android-ndk-r10e/platforms/android-21/arch-arm64 supports -c -o file.o
configure:7417: /Users/yangshiqu/Library/Android/sdk/ndk/android-ndk-r10e/toolchains/aarch64-linux-android-4.9/prebuilt/darwin-x86_64/bin/aarch64-linux-android-gcc --sysroot=/Users/yangshiqu/Library/Android/sdk/ndk/android-ndk-r10e/platforms/android-21/arch-arm64 -c -O2 -Wall  -o out/conftest2.o conftest.c >&5
configure:7421: $? = 0
configure:7443: result: yes
configure:7469: checking whether the /Users/yangshiqu/Library/Android/sdk/ndk/android-ndk-r10e/toolchains/aarch64-linux-android-4.9/prebuilt/darwin-x86_64/bin/aarch64-linux-android-gcc --sysroot=/Users/yangshiqu/Library/Android/sdk/ndk/android-ndk-r10e/platforms/android-21/arch-arm64 linker (/Users/yangshiqu/Library/Android/sdk/ndk/android-ndk-r10e/toolchains/aarch64-linux-android-4.9/prebuilt/darwin-x86_64/aarch64-linux-android/bin/ld) supports shared libraries
configure:8424: result: yes
configure:8491: checking dynamic linker characteristics
configure:9067: result: GNU/Linux ld.so
configure:9076: checking how to hardcode library paths into programs
configure:9101: result: immediate
configure:9115: checking whether stripping libraries is possible
configure:9120: result: yes
configure:9921: checking if libtool supports shared libraries
configure:9923: result: yes
configure:9926: checking whether to build shared libraries
configure:9947: result: no
configure:9950: checking whether to build static libraries
configure:9954: result: yes
configure:10046: creating libtool
configure:10634: checking for ld used by /Users/yangshiqu/Library/Android/sdk/ndk/android-ndk-r10e/toolchains/aarch64-linux-android-4.9/prebuilt/darwin-x86_64/bin/aarch64-linux-android-g++ --sysroot=/Users/yangshiqu/Library/Android/sdk/ndk/android-ndk-r10e/platforms/android-21/arch-arm64
configure:10701: result: /Users/yangshiqu/Library/Android/sdk/ndk/android-ndk-r10e/toolchains/aarch64-linux-android-4.9/prebuilt/darwin-x86_64/aarch64-linux-android/bin/ld
configure:10710: checking if the linker (/Users/yangshiqu/Library/Android/sdk/ndk/android-ndk-r10e/toolchains/aarch64-linux-android-4.9/prebuilt/darwin-x86_64/aarch64-linux-android/bin/ld) is GNU ld
configure:10725: result: yes
configure:10776: checking whether the /Users/yangshiqu/Library/Android/sdk/ndk/android-ndk-r10e/toolchains/aarch64-linux-android-4.9/prebuilt/darwin-x86_64/bin/aarch64-linux-android-g++ --sysroot=/Users/yangshiqu/Library/Android/sdk/ndk/android-ndk-r10e/platforms/android-21/arch-arm64 linker (/Users/yangshiqu/Library/Android/sdk/ndk/android-ndk-r10e/toolchains/aarch64-linux-android-4.9/prebuilt/darwin-x86_64/aarch64-linux-android/bin/ld) supports shared libraries
configure:11710: result: yes
configure:11728: /Users/yangshiqu/Library/Android/sdk/ndk/android-ndk-r10e/toolchains/aarch64-linux-android-4.9/prebuilt/darwin-x86_64/bin/aarch64-linux-android-g++ --sysroot=/Users/yangshiqu/Library/Android/sdk/ndk/android-ndk-r10e/platforms/android-21/arch-arm64 -c -g -O2  conftest.cpp >&5
configure:11731: $? = 0
configure:11850: checking for /Users/yangshiqu/Library/Android/sdk/ndk/android-ndk-r10e/toolchains/aarch64-linux-android-4.9/prebuilt/darwin-x86_64/bin/aarch64-linux-android-g++ --sysroot=/Users/yangshiqu/Library/Android/sdk/ndk/android-ndk-r10e/platforms/android-21/arch-arm64 option to produce PIC
configure:12124: result: -fPIC
configure:12132: checking if /Users/yangshiqu/Library/Android/sdk/ndk/android-ndk-r10e/toolchains/aarch64-linux-android-4.9/prebuilt/darwin-x86_64/bin/aarch64-linux-android-g++ --sysroot=/Users/yangshiqu/Library/Android/sdk/ndk/android-ndk-r10e/platforms/android-21/arch-arm64 PIC flag -fPIC works
configure:12150: /Users/yangshiqu/Library/Android/sdk/ndk/android-ndk-r10e/toolchains/aarch64-linux-android-4.9/prebuilt/darwin-x86_64/bin/aarch64-linux-android-g++ --sysroot=/Users/yangshiqu/Library/Android/sdk/ndk/android-ndk-r10e/platforms/android-21/arch-arm64 -c -g -O2  -fPIC -DPIC conftest.cpp >&5
configure:12154: $? = 0
configure:12167: result: yes
configure:12195: checking if /Users/yangshiqu/Library/Android/sdk/ndk/android-ndk-r10e/toolchains/aarch64-linux-android-4.9/prebuilt/darwin-x86_64/bin/aarch64-linux-android-g++ --sysroot=/Users/yangshiqu/Library/Android/sdk/ndk/android-ndk-r10e/platforms/android-21/arch-arm64 static flag -static works
configure:12223: result: yes
configure:12233: checking if /Users/yangshiqu/Library/Android/sdk/ndk/android-ndk-r10e/toolchains/aarch64-linux-android-4.9/prebuilt/darwin-x86_64/bin/aarch64-linux-android-g++ --sysroot=/Users/yangshiqu/Library/Android/sdk/ndk/android-ndk-r10e/platforms/android-21/arch-arm64 supports -c -o file.o
configure:12254: /Users/yangshiqu/Library/Android/sdk/ndk/android-ndk-r10e/toolchains/aarch64-linux-android-4.9/prebuilt/darwin-x86_64/bin/aarch64-linux-android-g++ --sysroot=/Users/yangshiqu/Library/Android/sdk/ndk/android-ndk-r10e/platforms/android-21/arch-arm64 -c -g -O2  -o out/conftest2.o conftest.cpp >&5
configure:12258: $? = 0
configure:12280: result: yes
configure:12306: checking whether the /Users/yangshiqu/Library/Android/sdk/ndk/android-ndk-r10e/toolchains/aarch64-linux-android-4.9/prebuilt/darwin-x86_64/bin/aarch64-linux-android-g++ --sysroot=/Users/yangshiqu/Library/Android/sdk/ndk/android-ndk-r10e/platforms/android-21/arch-arm64 linker (/Users/yangshiqu/Library/Android/sdk/ndk/android-ndk-r10e/toolchains/aarch64-linux-android-4.9/prebuilt/darwin-x86_64/aarch64-linux-android/bin/ld) supports shared libraries
configure:12334: result: yes
configure:12401: checking dynamic linker characteristics
configure:12977: result: GNU/Linux ld.so
configure:12986: checking how to hardcode library paths into programs
configure:13011: result: immediate
configure:13537: checking if libtool supports shared libraries
configure:13539: result: yes
configure:13542: checking whether to build shared libraries
configure:13562: result: no
configure:13565: checking whether to build static libraries
configure:13569: result: yes
configure:13579: checking for gfortran option to produce PIC
configure:13789: result: -fPIC
configure:13797: checking if gfortran PIC flag -fPIC works
configure:13815: gfortran -c -g -O2 -fPIC conftest.f >&5
configure:13819: $? = 0
configure:13832: result: yes
configure:13860: checking if gfortran static flag -static works
configure:13888: result: no
configure:13898: checking if gfortran supports -c -o file.o
configure:13919: gfortran -c -g -O2 -o out/conftest2.o conftest.f >&5
configure:13923: $? = 0
configure:13945: result: yes
configure:13971: checking whether the gfortran linker (/Users/yangshiqu/Library/Android/sdk/ndk/android-ndk-r10e/toolchains/aarch64-linux-android-4.9/prebuilt/darwin-x86_64/aarch64-linux-android/bin/ld) supports shared libraries
configure:14906: result: yes
configure:14973: checking dynamic linker characteristics
configure:15549: result: GNU/Linux ld.so
configure:15558: checking how to hardcode library paths into programs
configure:15583: result: immediate
configure:19145: checking getopt.h usability
configure:19162: /Users/yangshiqu/Library/Android/sdk/ndk/android-ndk-r10e/toolchains/aarch64-linux-android-4.9/prebuilt/darwin-x86_64/bin/aarch64-linux-android-gcc --sysroot=/Users/yangshiqu/Library/Android/sdk/ndk/android-ndk-r10e/platforms/android-21/arch-arm64 -c -O2 -Wall  conftest.c >&5
configure:19168: $? = 0
configure:19182: result: yes
configure:19186: checking getopt.h presence
configure:19201: /Users/yangshiqu/Library/Android/sdk/ndk/android-ndk-r10e/toolchains/aarch64-linux-android-4.9/prebuilt/darwin-x86_64/bin/aarch64-linux-android-gcc --sysroot=/Users/yangshiqu/Library/Android/sdk/ndk/android-ndk-r10e/platforms/android-21/arch-arm64 -E  conftest.c
configure:19207: $? = 0
configure:19221: result: yes
configure:19254: checking for getopt.h
configure:19262: result: yes
configure:19276: checking for u_int32_t
configure:19306: /Users/yangshiqu/Library/Android/sdk/ndk/android-ndk-r10e/toolchains/aarch64-linux-android-4.9/prebuilt/darwin-x86_64/bin/aarch64-linux-android-gcc --sysroot=/Users/yangshiqu/Library/Android/sdk/ndk/android-ndk-r10e/platforms/android-21/arch-arm64 -c -O2 -Wall  conftest.c >&5
configure:19312: $? = 0
configure:19327: result: yes
configure:19338: checking for u_int16_t
configure:19368: /Users/yangshiqu/Library/Android/sdk/ndk/android-ndk-r10e/toolchains/aarch64-linux-android-4.9/prebuilt/darwin-x86_64/bin/aarch64-linux-android-gcc --sysroot=/Users/yangshiqu/Library/Android/sdk/ndk/android-ndk-r10e/platforms/android-21/arch-arm64 -c -O2 -Wall  conftest.c >&5
configure:19374: $? = 0
configure:19389: result: yes
configure:19400: checking for int32_t
configure:19430: /Users/yangshiqu/Library/Android/sdk/ndk/android-ndk-r10e/toolchains/aarch64-linux-android-4.9/prebuilt/darwin-x86_64/bin/aarch64-linux-android-gcc --sysroot=/Users/yangshiqu/Library/Android/sdk/ndk/android-ndk-r10e/platforms/android-21/arch-arm64 -c -O2 -Wall  conftest.c >&5
configure:19436: $? = 0
configure:19451: result: yes
configure:19462: checking for int16_t
configure:19492: /Users/yangshiqu/Library/Android/sdk/ndk/android-ndk-r10e/toolchains/aarch64-linux-android-4.9/prebuilt/darwin-x86_64/bin/aarch64-linux-android-gcc --sysroot=/Users/yangshiqu/Library/Android/sdk/ndk/android-ndk-r10e/platforms/android-21/arch-arm64 -c -O2 -Wall  conftest.c >&5
configure:19498: $? = 0
configure:19513: result: yes
configure:19525: checking whether strcasecmp is declared
configure:19554: /Users/yangshiqu/Library/Android/sdk/ndk/android-ndk-r10e/toolchains/aarch64-linux-android-4.9/prebuilt/darwin-x86_64/bin/aarch64-linux-android-gcc --sysroot=/Users/yangshiqu/Library/Android/sdk/ndk/android-ndk-r10e/platforms/android-21/arch-arm64 -c -O2 -Wall  conftest.c >&5
configure:19560: $? = 0
configure:19575: result: yes
configure:19587: checking for getopt_long in -lgnugetopt
configure:19622: /Users/yangshiqu/Library/Android/sdk/ndk/android-ndk-r10e/toolchains/aarch64-linux-android-4.9/prebuilt/darwin-x86_64/bin/aarch64-linux-android-gcc --sysroot=/Users/yangshiqu/Library/Android/sdk/ndk/android-ndk-r10e/platforms/android-21/arch-arm64 -o conftest -O2 -Wall   conftest.c -lgnugetopt   >&5
/Users/yangshiqu/Library/Android/sdk/ndk/android-ndk-r10e/toolchains/aarch64-linux-android-4.9/prebuilt/darwin-x86_64/bin/../lib/gcc/aarch64-linux-android/4.9/../../../../aarch64-linux-android/bin/ld: cannot find -lgnugetopt
collect2: error: ld returned 1 exit status
configure:19628: $? = 1
configure: failed program was:
| /* confdefs.h.  */
| #define PACKAGE_NAME "FAAC"
| #define PACKAGE_TARNAME "faac"
| #define PACKAGE_VERSION "1.28"
| #define PACKAGE_STRING "FAAC 1.28"
| #define PACKAGE_BUGREPORT "faac-dev@lists.sourceforge.net"
| #define PACKAGE "faac"
| #define VERSION "1.28"
| #define STDC_HEADERS 1
| #define HAVE_SYS_TYPES_H 1
| #define HAVE_SYS_STAT_H 1
| #define HAVE_STDLIB_H 1
| #define HAVE_STRING_H 1
| #define HAVE_MEMORY_H 1
| #define HAVE_STRINGS_H 1
| #define HAVE_INTTYPES_H 1
| #define HAVE_STDINT_H 1
| #define HAVE_UNISTD_H 1
| #define HAVE_DLFCN_H 1
| #define HAVE_GETOPT_H 1
| #define HAVE_U_INT32_T 1
| #define HAVE_U_INT16_T 1
| #define HAVE_INT32_T 1
| #define HAVE_INT16_T 1
| #define HAVE_STRCASECMP 1
| /* end confdefs.h.  */
| 
| /* Override any GCC internal prototype to avoid an error.
|    Use char because int might match the return type of a GCC
|    builtin and then its argument prototype would still apply.  */
| #ifdef __cplusplus
| extern "C"
| #endif
| char getopt_long ();
| int
| main ()
| {
| return getopt_long ();
|   ;
|   return 0;
| }
configure:19646: result: no
configure:19669: checking whether MP4Create is declared
configure:19699: /Users/yangshiqu/Library/Android/sdk/ndk/android-ndk-r10e/toolchains/aarch64-linux-android-4.9/prebuilt/darwin-x86_64/bin/aarch64-linux-android-gcc --sysroot=/Users/yangshiqu/Library/Android/sdk/ndk/android-ndk-r10e/platforms/android-21/arch-arm64 -c -O2 -Wall  conftest.c >&5
conftest.c:27:17: fatal error: mp4.h: No such file or directory
 #include <mp4.h>
                 ^
compilation terminated.
configure:19705: $? = 1
configure: failed program was:
| /* confdefs.h.  */
| #define PACKAGE_NAME "FAAC"
| #define PACKAGE_TARNAME "faac"
| #define PACKAGE_VERSION "1.28"
| #define PACKAGE_STRING "FAAC 1.28"
| #define PACKAGE_BUGREPORT "faac-dev@lists.sourceforge.net"
| #define PACKAGE "faac"
| #define VERSION "1.28"
| #define STDC_HEADERS 1
| #define HAVE_SYS_TYPES_H 1
| #define HAVE_SYS_STAT_H 1
| #define HAVE_STDLIB_H 1
| #define HAVE_STRING_H 1
| #define HAVE_MEMORY_H 1
| #define HAVE_STRINGS_H 1
| #define HAVE_INTTYPES_H 1
| #define HAVE_STDINT_H 1
| #define HAVE_UNISTD_H 1
| #define HAVE_DLFCN_H 1
| #define HAVE_GETOPT_H 1
| #define HAVE_U_INT32_T 1
| #define HAVE_U_INT16_T 1
| #define HAVE_INT32_T 1
| #define HAVE_INT16_T 1
| #define HAVE_STRCASECMP 1
| /* end confdefs.h.  */
| #include <mp4.h>
| 
| int
| main ()
| {
| #ifndef MP4Create
|   (void) MP4Create;
| #endif
| 
|   ;
|   return 0;
| }
configure:19720: result: no
configure:19802: checking whether MP4MetadataDelete is declared
configure:19832: /Users/yangshiqu/Library/Android/sdk/ndk/android-ndk-r10e/toolchains/aarch64-linux-android-4.9/prebuilt/darwin-x86_64/bin/aarch64-linux-android-gcc --sysroot=/Users/yangshiqu/Library/Android/sdk/ndk/android-ndk-r10e/platforms/android-21/arch-arm64 -c -O2 -Wall  conftest.c >&5
conftest.c:28:17: fatal error: mp4.h: No such file or directory
 #include <mp4.h>
                 ^
compilation terminated.
configure:19838: $? = 1
configure: failed program was:
| /* confdefs.h.  */
| #define PACKAGE_NAME "FAAC"
| #define PACKAGE_TARNAME "faac"
| #define PACKAGE_VERSION "1.28"
| #define PACKAGE_STRING "FAAC 1.28"
| #define PACKAGE_BUGREPORT "faac-dev@lists.sourceforge.net"
| #define PACKAGE "faac"
| #define VERSION "1.28"
| #define STDC_HEADERS 1
| #define HAVE_SYS_TYPES_H 1
| #define HAVE_SYS_STAT_H 1
| #define HAVE_STDLIB_H 1
| #define HAVE_STRING_H 1
| #define HAVE_MEMORY_H 1
| #define HAVE_STRINGS_H 1
| #define HAVE_INTTYPES_H 1
| #define HAVE_STDINT_H 1
| #define HAVE_UNISTD_H 1
| #define HAVE_DLFCN_H 1
| #define HAVE_GETOPT_H 1
| #define HAVE_U_INT32_T 1
| #define HAVE_U_INT16_T 1
| #define HAVE_INT32_T 1
| #define HAVE_INT16_T 1
| #define HAVE_STRCASECMP 1
| #define HAVE_DECL_MP4CREATE 0
| /* end confdefs.h.  */
| #include <mp4.h>
| 
| int
| main ()
| {
| #ifndef MP4MetadataDelete
|   (void) MP4MetadataDelete;
| #endif
| 
|   ;
|   return 0;
| }
configure:19853: result: no
configure:19943: *** Building with internal mp4v2 ***
configure:19998: checking whether byte ordering is bigendian
configure:20031: /Users/yangshiqu/Library/Android/sdk/ndk/android-ndk-r10e/toolchains/aarch64-linux-android-4.9/prebuilt/darwin-x86_64/bin/aarch64-linux-android-gcc --sysroot=/Users/yangshiqu/Library/Android/sdk/ndk/android-ndk-r10e/platforms/android-21/arch-arm64 -c -O2 -Wall  conftest.c >&5
conftest.c: In function 'main':
conftest.c:37:2: error: unknown type name 'bogus'
  bogus endian macros
  ^
conftest.c:37:15: error: expected '=', ',', ';', 'asm' or '__attribute__' before 'macros'
  bogus endian macros
               ^
configure:20037: $? = 1
configure: failed program was:
| /* confdefs.h.  */
| #define PACKAGE_NAME "FAAC"
| #define PACKAGE_TARNAME "faac"
| #define PACKAGE_VERSION "1.28"
| #define PACKAGE_STRING "FAAC 1.28"
| #define PACKAGE_BUGREPORT "faac-dev@lists.sourceforge.net"
| #define PACKAGE "faac"
| #define VERSION "1.28"
| #define STDC_HEADERS 1
| #define HAVE_SYS_TYPES_H 1
| #define HAVE_SYS_STAT_H 1
| #define HAVE_STDLIB_H 1
| #define HAVE_STRING_H 1
| #define HAVE_MEMORY_H 1
| #define HAVE_STRINGS_H 1
| #define HAVE_INTTYPES_H 1
| #define HAVE_STDINT_H 1
| #define HAVE_UNISTD_H 1
| #define HAVE_DLFCN_H 1
| #define HAVE_GETOPT_H 1
| #define HAVE_U_INT32_T 1
| #define HAVE_U_INT16_T 1
| #define HAVE_INT32_T 1
| #define HAVE_INT16_T 1
| #define HAVE_STRCASECMP 1
| #define HAVE_DECL_MP4CREATE 0
| #define HAVE_DECL_MP4METADATADELETE 0
| #define HAVE_LIBMP4V2 1
| /* end confdefs.h.  */
| #include <sys/types.h>
| #include <sys/param.h>
| 
| int
| main ()
| {
| #if  ! (defined BYTE_ORDER && defined BIG_ENDIAN && defined LITTLE_ENDIAN 	&& BYTE_ORDER && BIG_ENDIAN && LITTLE_ENDIAN)
|  bogus endian macros
| #endif
| 
|   ;
|   return 0;
| }
configure:20123: /Users/yangshiqu/Library/Android/sdk/ndk/android-ndk-r10e/toolchains/aarch64-linux-android-4.9/prebuilt/darwin-x86_64/bin/aarch64-linux-android-gcc --sysroot=/Users/yangshiqu/Library/Android/sdk/ndk/android-ndk-r10e/platforms/android-21/arch-arm64 -c -O2 -Wall  conftest.c >&5
conftest.c: In function '_ascii':
conftest.c:32:24: warning: variable 's' set but not used [-Wunused-but-set-variable]
 void _ascii () { char *s = (char *) ascii_mm; s = (char *) ascii_ii; }
                        ^
conftest.c: In function '_ebcdic':
conftest.c:35:25: warning: variable 's' set but not used [-Wunused-but-set-variable]
 void _ebcdic () { char *s = (char *) ebcdic_mm; s = (char *) ebcdic_ii; }
                         ^
configure:20129: $? = 0
configure:20215: result: no
configure:20235: checking for ANSI C header files
configure:20399: result: yes
configure:20416: checking for special C compiler options needed for large files
configure:20509: result: no
configure:20515: checking for _FILE_OFFSET_BITS value needed for large files
configure:20550: /Users/yangshiqu/Library/Android/sdk/ndk/android-ndk-r10e/toolchains/aarch64-linux-android-4.9/prebuilt/darwin-x86_64/bin/aarch64-linux-android-gcc --sysroot=/Users/yangshiqu/Library/Android/sdk/ndk/android-ndk-r10e/platforms/android-21/arch-arm64 -c -O2 -Wall  conftest.c >&5
configure:20556: $? = 0
configure:20624: result: no
configure:20765: checking for stdint.h
configure:20771: result: yes
configure:20765: checking for inttypes.h
configure:20771: result: yes
configure:20920: checking mathf.h usability
configure:20937: /Users/yangshiqu/Library/Android/sdk/ndk/android-ndk-r10e/toolchains/aarch64-linux-android-4.9/prebuilt/darwin-x86_64/bin/aarch64-linux-android-gcc --sysroot=/Users/yangshiqu/Library/Android/sdk/ndk/android-ndk-r10e/platforms/android-21/arch-arm64 -c -O2 -Wall  conftest.c >&5
conftest.c:66:19: fatal error: mathf.h: No such file or directory
 #include <mathf.h>
                   ^
compilation terminated.
configure:20943: $? = 1
configure: failed program was:
| /* confdefs.h.  */
| #define PACKAGE_NAME "FAAC"
| #define PACKAGE_TARNAME "faac"
| #define PACKAGE_VERSION "1.28"
| #define PACKAGE_STRING "FAAC 1.28"
| #define PACKAGE_BUGREPORT "faac-dev@lists.sourceforge.net"
| #define PACKAGE "faac"
| #define VERSION "1.28"
| #define STDC_HEADERS 1
| #define HAVE_SYS_TYPES_H 1
| #define HAVE_SYS_STAT_H 1
| #define HAVE_STDLIB_H 1
| #define HAVE_STRING_H 1
| #define HAVE_MEMORY_H 1
| #define HAVE_STRINGS_H 1
| #define HAVE_INTTYPES_H 1
| #define HAVE_STDINT_H 1
| #define HAVE_UNISTD_H 1
| #define HAVE_DLFCN_H 1
| #define HAVE_GETOPT_H 1
| #define HAVE_U_INT32_T 1
| #define HAVE_U_INT16_T 1
| #define HAVE_INT32_T 1
| #define HAVE_INT16_T 1
| #define HAVE_STRCASECMP 1
| #define HAVE_DECL_MP4CREATE 0
| #define HAVE_DECL_MP4METADATADELETE 0
| #define HAVE_LIBMP4V2 1
| #define STDC_HEADERS 1
| #define HAVE_STDINT_H 1
| #define HAVE_INTTYPES_H 1
| /* end confdefs.h.  */
| #include <stdio.h>
| #ifdef HAVE_SYS_TYPES_H
| # include <sys/types.h>
| #endif
| #ifdef HAVE_SYS_STAT_H
| # include <sys/stat.h>
| #endif
| #ifdef STDC_HEADERS
| # include <stdlib.h>
| # include <stddef.h>
| #else
| # ifdef HAVE_STDLIB_H
| #  include <stdlib.h>
| # endif
| #endif
| #ifdef HAVE_STRING_H
| # if !defined STDC_HEADERS && defined HAVE_MEMORY_H
| #  include <memory.h>
| # endif
| # include <string.h>
| #endif
| #ifdef HAVE_STRINGS_H
| # include <strings.h>
| #endif
| #ifdef HAVE_INTTYPES_H
| # include <inttypes.h>
| #endif
| #ifdef HAVE_STDINT_H
| # include <stdint.h>
| #endif
| #ifdef HAVE_UNISTD_H
| # include <unistd.h>
| #endif
| #include <mathf.h>
configure:20957: result: no
configure:20961: checking mathf.h presence
configure:20976: /Users/yangshiqu/Library/Android/sdk/ndk/android-ndk-r10e/toolchains/aarch64-linux-android-4.9/prebuilt/darwin-x86_64/bin/aarch64-linux-android-gcc --sysroot=/Users/yangshiqu/Library/Android/sdk/ndk/android-ndk-r10e/platforms/android-21/arch-arm64 -E  conftest.c
conftest.c:33:19: fatal error: mathf.h: No such file or directory
 #include <mathf.h>
                   ^
compilation terminated.
configure:20982: $? = 1
configure: failed program was:
| /* confdefs.h.  */
| #define PACKAGE_NAME "FAAC"
| #define PACKAGE_TARNAME "faac"
| #define PACKAGE_VERSION "1.28"
| #define PACKAGE_STRING "FAAC 1.28"
| #define PACKAGE_BUGREPORT "faac-dev@lists.sourceforge.net"
| #define PACKAGE "faac"
| #define VERSION "1.28"
| #define STDC_HEADERS 1
| #define HAVE_SYS_TYPES_H 1
| #define HAVE_SYS_STAT_H 1
| #define HAVE_STDLIB_H 1
| #define HAVE_STRING_H 1
| #define HAVE_MEMORY_H 1
| #define HAVE_STRINGS_H 1
| #define HAVE_INTTYPES_H 1
| #define HAVE_STDINT_H 1
| #define HAVE_UNISTD_H 1
| #define HAVE_DLFCN_H 1
| #define HAVE_GETOPT_H 1
| #define HAVE_U_INT32_T 1
| #define HAVE_U_INT16_T 1
| #define HAVE_INT32_T 1
| #define HAVE_INT16_T 1
| #define HAVE_STRCASECMP 1
| #define HAVE_DECL_MP4CREATE 0
| #define HAVE_DECL_MP4METADATADELETE 0
| #define HAVE_LIBMP4V2 1
| #define STDC_HEADERS 1
| #define HAVE_STDINT_H 1
| #define HAVE_INTTYPES_H 1
| /* end confdefs.h.  */
| #include <mathf.h>
configure:20996: result: no
configure:21029: checking for mathf.h
configure:21037: result: no
configure:21065: checking float.h usability
configure:21082: /Users/yangshiqu/Library/Android/sdk/ndk/android-ndk-r10e/toolchains/aarch64-linux-android-4.9/prebuilt/darwin-x86_64/bin/aarch64-linux-android-gcc --sysroot=/Users/yangshiqu/Library/Android/sdk/ndk/android-ndk-r10e/platforms/android-21/arch-arm64 -c -O2 -Wall  conftest.c >&5
configure:21088: $? = 0
configure:21102: result: yes
configure:21106: checking float.h presence
configure:21121: /Users/yangshiqu/Library/Android/sdk/ndk/android-ndk-r10e/toolchains/aarch64-linux-android-4.9/prebuilt/darwin-x86_64/bin/aarch64-linux-android-gcc --sysroot=/Users/yangshiqu/Library/Android/sdk/ndk/android-ndk-r10e/platforms/android-21/arch-arm64 -E  conftest.c
configure:21127: $? = 0
configure:21141: result: yes
configure:21174: checking for float.h
configure:21182: result: yes
configure:21195: checking whether strchr is declared
configure:21224: /Users/yangshiqu/Library/Android/sdk/ndk/android-ndk-r10e/toolchains/aarch64-linux-android-4.9/prebuilt/darwin-x86_64/bin/aarch64-linux-android-gcc --sysroot=/Users/yangshiqu/Library/Android/sdk/ndk/android-ndk-r10e/platforms/android-21/arch-arm64 -c -O2 -Wall  conftest.c >&5
configure:21230: $? = 0
configure:21245: result: yes
configure:21255: checking whether memcpy is declared
configure:21284: /Users/yangshiqu/Library/Android/sdk/ndk/android-ndk-r10e/toolchains/aarch64-linux-android-4.9/prebuilt/darwin-x86_64/bin/aarch64-linux-android-gcc --sysroot=/Users/yangshiqu/Library/Android/sdk/ndk/android-ndk-r10e/platforms/android-21/arch-arm64 -c -O2 -Wall  conftest.c >&5
configure:21290: $? = 0
configure:21305: result: yes
configure:21315: checking whether strsep is declared
configure:21344: /Users/yangshiqu/Library/Android/sdk/ndk/android-ndk-r10e/toolchains/aarch64-linux-android-4.9/prebuilt/darwin-x86_64/bin/aarch64-linux-android-gcc --sysroot=/Users/yangshiqu/Library/Android/sdk/ndk/android-ndk-r10e/platforms/android-21/arch-arm64 -c -O2 -Wall  conftest.c >&5
configure:21350: $? = 0
configure:21365: result: yes
configure:21390: checking sys/time.h usability
configure:21407: /Users/yangshiqu/Library/Android/sdk/ndk/android-ndk-r10e/toolchains/aarch64-linux-android-4.9/prebuilt/darwin-x86_64/bin/aarch64-linux-android-gcc --sysroot=/Users/yangshiqu/Library/Android/sdk/ndk/android-ndk-r10e/platforms/android-21/arch-arm64 -c -O2 -Wall  conftest.c >&5
configure:21413: $? = 0
configure:21427: result: yes
configure:21431: checking sys/time.h presence
configure:21446: /Users/yangshiqu/Library/Android/sdk/ndk/android-ndk-r10e/toolchains/aarch64-linux-android-4.9/prebuilt/darwin-x86_64/bin/aarch64-linux-android-gcc --sysroot=/Users/yangshiqu/Library/Android/sdk/ndk/android-ndk-r10e/platforms/android-21/arch-arm64 -E  conftest.c
configure:21452: $? = 0
configure:21466: result: yes
configure:21499: checking for sys/time.h
configure:21507: result: yes
configure:21520: checking whether time.h and sys/time.h may both be included
configure:21550: /Users/yangshiqu/Library/Android/sdk/ndk/android-ndk-r10e/toolchains/aarch64-linux-android-4.9/prebuilt/darwin-x86_64/bin/aarch64-linux-android-gcc --sysroot=/Users/yangshiqu/Library/Android/sdk/ndk/android-ndk-r10e/platforms/android-21/arch-arm64 -c -O2 -Wall  conftest.c >&5
configure:21556: $? = 0
configure:21571: result: yes
configure:21581: checking for off_t
configure:21611: /Users/yangshiqu/Library/Android/sdk/ndk/android-ndk-r10e/toolchains/aarch64-linux-android-4.9/prebuilt/darwin-x86_64/bin/aarch64-linux-android-gcc --sysroot=/Users/yangshiqu/Library/Android/sdk/ndk/android-ndk-r10e/platforms/android-21/arch-arm64 -c -O2 -Wall  conftest.c >&5
configure:21617: $? = 0
configure:21632: result: yes
configure:21644: checking for in_port_t
configure:21677: /Users/yangshiqu/Library/Android/sdk/ndk/android-ndk-r10e/toolchains/aarch64-linux-android-4.9/prebuilt/darwin-x86_64/bin/aarch64-linux-android-gcc --sysroot=/Users/yangshiqu/Library/Android/sdk/ndk/android-ndk-r10e/platforms/android-21/arch-arm64 -c -O2 -Wall  conftest.c >&5
conftest.c:43:9: error: unknown type name 'in_port_t'
 typedef in_port_t ac__type_new_;
         ^
configure:21683: $? = 1
configure: failed program was:
| /* confdefs.h.  */
| #define PACKAGE_NAME "FAAC"
| #define PACKAGE_TARNAME "faac"
| #define PACKAGE_VERSION "1.28"
| #define PACKAGE_STRING "FAAC 1.28"
| #define PACKAGE_BUGREPORT "faac-dev@lists.sourceforge.net"
| #define PACKAGE "faac"
| #define VERSION "1.28"
| #define STDC_HEADERS 1
| #define HAVE_SYS_TYPES_H 1
| #define HAVE_SYS_STAT_H 1
| #define HAVE_STDLIB_H 1
| #define HAVE_STRING_H 1
| #define HAVE_MEMORY_H 1
| #define HAVE_STRINGS_H 1
| #define HAVE_INTTYPES_H 1
| #define HAVE_STDINT_H 1
| #define HAVE_UNISTD_H 1
| #define HAVE_DLFCN_H 1
| #define HAVE_GETOPT_H 1
| #define HAVE_U_INT32_T 1
| #define HAVE_U_INT16_T 1
| #define HAVE_INT32_T 1
| #define HAVE_INT16_T 1
| #define HAVE_STRCASECMP 1
| #define HAVE_DECL_MP4CREATE 0
| #define HAVE_DECL_MP4METADATADELETE 0
| #define HAVE_LIBMP4V2 1
| #define STDC_HEADERS 1
| #define HAVE_STDINT_H 1
| #define HAVE_INTTYPES_H 1
| #define HAVE_FLOAT_H 1
| #define HAVE_STRCHR 1
| #define HAVE_MEMCPY 1
| #define HAVE_STRSEP 1
| #define HAVE_SYS_TIME_H 1
| #define TIME_WITH_SYS_TIME 1
| /* end confdefs.h.  */
| #include <sys/types.h>
| 	 #include <sys/socket.h>
| 	 #include <netinet/in.h>
| 
| typedef in_port_t ac__type_new_;
| int
| main ()
| {
| if ((ac__type_new_ *) 0)
|   return 0;
| if (sizeof (ac__type_new_))
|   return 0;
|   ;
|   return 0;
| }
configure:21698: result: no
configure:21708: checking for socklen_t
configure:21741: /Users/yangshiqu/Library/Android/sdk/ndk/android-ndk-r10e/toolchains/aarch64-linux-android-4.9/prebuilt/darwin-x86_64/bin/aarch64-linux-android-gcc --sysroot=/Users/yangshiqu/Library/Android/sdk/ndk/android-ndk-r10e/platforms/android-21/arch-arm64 -c -O2 -Wall  conftest.c >&5
configure:21747: $? = 0
configure:21762: result: yes
configure:21773: checking for fpos_t.__pos
configure:21802: /Users/yangshiqu/Library/Android/sdk/ndk/android-ndk-r10e/toolchains/aarch64-linux-android-4.9/prebuilt/darwin-x86_64/bin/aarch64-linux-android-gcc --sysroot=/Users/yangshiqu/Library/Android/sdk/ndk/android-ndk-r10e/platforms/android-21/arch-arm64 -c -O2 -Wall  conftest.c >&5
conftest.c: In function 'main':
conftest.c:46:12: error: request for member '__pos' in something not a structure or union
 if (ac_aggr.__pos)
            ^
conftest.c:45:15: warning: variable 'ac_aggr' set but not used [-Wunused-but-set-variable]
 static fpos_t ac_aggr;
               ^
configure:21808: $? = 1
configure: failed program was:
| /* confdefs.h.  */
| #define PACKAGE_NAME "FAAC"
| #define PACKAGE_TARNAME "faac"
| #define PACKAGE_VERSION "1.28"
| #define PACKAGE_STRING "FAAC 1.28"
| #define PACKAGE_BUGREPORT "faac-dev@lists.sourceforge.net"
| #define PACKAGE "faac"
| #define VERSION "1.28"
| #define STDC_HEADERS 1
| #define HAVE_SYS_TYPES_H 1
| #define HAVE_SYS_STAT_H 1
| #define HAVE_STDLIB_H 1
| #define HAVE_STRING_H 1
| #define HAVE_MEMORY_H 1
| #define HAVE_STRINGS_H 1
| #define HAVE_INTTYPES_H 1
| #define HAVE_STDINT_H 1
| #define HAVE_UNISTD_H 1
| #define HAVE_DLFCN_H 1
| #define HAVE_GETOPT_H 1
| #define HAVE_U_INT32_T 1
| #define HAVE_U_INT16_T 1
| #define HAVE_INT32_T 1
| #define HAVE_INT16_T 1
| #define HAVE_STRCASECMP 1
| #define HAVE_DECL_MP4CREATE 0
| #define HAVE_DECL_MP4METADATADELETE 0
| #define HAVE_LIBMP4V2 1
| #define STDC_HEADERS 1
| #define HAVE_STDINT_H 1
| #define HAVE_INTTYPES_H 1
| #define HAVE_FLOAT_H 1
| #define HAVE_STRCHR 1
| #define HAVE_MEMCPY 1
| #define HAVE_STRSEP 1
| #define HAVE_SYS_TIME_H 1
| #define TIME_WITH_SYS_TIME 1
| #define HAVE_SOCKLEN_T 1
| /* end confdefs.h.  */
| #include <stdio.h>
| 
| int
| main ()
| {
| static fpos_t ac_aggr;
| if (ac_aggr.__pos)
| return 0;
|   ;
|   return 0;
| }
configure:21842: /Users/yangshiqu/Library/Android/sdk/ndk/android-ndk-r10e/toolchains/aarch64-linux-android-4.9/prebuilt/darwin-x86_64/bin/aarch64-linux-android-gcc --sysroot=/Users/yangshiqu/Library/Android/sdk/ndk/android-ndk-r10e/platforms/android-21/arch-arm64 -c -O2 -Wall  conftest.c >&5
conftest.c: In function 'main':
conftest.c:46:19: error: request for member '__pos' in something not a structure or union
 if (sizeof ac_aggr.__pos)
                   ^
conftest.c:45:15: warning: variable 'ac_aggr' set but not used [-Wunused-but-set-variable]
 static fpos_t ac_aggr;
               ^
configure:21848: $? = 1
configure: failed program was:
| /* confdefs.h.  */
| #define PACKAGE_NAME "FAAC"
| #define PACKAGE_TARNAME "faac"
| #define PACKAGE_VERSION "1.28"
| #define PACKAGE_STRING "FAAC 1.28"
| #define PACKAGE_BUGREPORT "faac-dev@lists.sourceforge.net"
| #define PACKAGE "faac"
| #define VERSION "1.28"
| #define STDC_HEADERS 1
| #define HAVE_SYS_TYPES_H 1
| #define HAVE_SYS_STAT_H 1
| #define HAVE_STDLIB_H 1
| #define HAVE_STRING_H 1
| #define HAVE_MEMORY_H 1
| #define HAVE_STRINGS_H 1
| #define HAVE_INTTYPES_H 1
| #define HAVE_STDINT_H 1
| #define HAVE_UNISTD_H 1
| #define HAVE_DLFCN_H 1
| #define HAVE_GETOPT_H 1
| #define HAVE_U_INT32_T 1
| #define HAVE_U_INT16_T 1
| #define HAVE_INT32_T 1
| #define HAVE_INT16_T 1
| #define HAVE_STRCASECMP 1
| #define HAVE_DECL_MP4CREATE 0
| #define HAVE_DECL_MP4METADATADELETE 0
| #define HAVE_LIBMP4V2 1
| #define STDC_HEADERS 1
| #define HAVE_STDINT_H 1
| #define HAVE_INTTYPES_H 1
| #define HAVE_FLOAT_H 1
| #define HAVE_STRCHR 1
| #define HAVE_MEMCPY 1
| #define HAVE_STRSEP 1
| #define HAVE_SYS_TIME_H 1
| #define TIME_WITH_SYS_TIME 1
| #define HAVE_SOCKLEN_T 1
| /* end confdefs.h.  */
| #include <stdio.h>
| 
| int
| main ()
| {
| static fpos_t ac_aggr;
| if (sizeof ac_aggr.__pos)
| return 0;
|   ;
|   return 0;
| }
configure:21866: result: no
configure:22029: creating ./config.status

## ---------------------- ##
## Running config.status. ##
## ---------------------- ##

This file was extended by FAAC config.status 1.28, which was
generated by GNU Autoconf 2.61.  Invocation command line was

  CONFIG_FILES    = 
  CONFIG_HEADERS  = 
  CONFIG_LINKS    = 
  CONFIG_COMMANDS = 
  $ ./config.status 

on YangMac.local

config.status:674: creating common/Makefile
config.status:674: creating common/mp4v2/Makefile
config.status:674: creating libfaac/Makefile
config.status:674: creating frontend/Makefile
config.status:674: creating include/Makefile
config.status:674: creating Makefile
config.status:674: creating config.h
config.status:914: config.h is unchanged
config.status:964: linking ./config.h to common/mp4v2/mpeg4ip_config.h
config.status:986: executing depfiles commands

## ---------------- ##
## Cache variables. ##
## ---------------- ##

ac_cv_build=i386-apple-darwin19.4.0
ac_cv_c_bigendian=no
ac_cv_c_compiler_gnu=yes
ac_cv_cxx_compiler_gnu=yes
ac_cv_env_CCC_set=
ac_cv_env_CCC_value=
ac_cv_env_CC_set=set
ac_cv_env_CC_value='/Users/yangshiqu/Library/Android/sdk/ndk/android-ndk-r10e/toolchains/aarch64-linux-android-4.9/prebuilt/darwin-x86_64/bin/aarch64-linux-android-gcc --sysroot=/Users/yangshiqu/Library/Android/sdk/ndk/android-ndk-r10e/platforms/android-21/arch-arm64'
ac_cv_env_CFLAGS_set=
ac_cv_env_CFLAGS_value=
ac_cv_env_CPPFLAGS_set=
ac_cv_env_CPPFLAGS_value=
ac_cv_env_CPP_set=
ac_cv_env_CPP_value=
ac_cv_env_CXXCPP_set=
ac_cv_env_CXXCPP_value=
ac_cv_env_CXXFLAGS_set=
ac_cv_env_CXXFLAGS_value=
ac_cv_env_CXX_set=set
ac_cv_env_CXX_value='/Users/yangshiqu/Library/Android/sdk/ndk/android-ndk-r10e/toolchains/aarch64-linux-android-4.9/prebuilt/darwin-x86_64/bin/aarch64-linux-android-g++ --sysroot=/Users/yangshiqu/Library/Android/sdk/ndk/android-ndk-r10e/platforms/android-21/arch-arm64'
ac_cv_env_F77_set=
ac_cv_env_F77_value=
ac_cv_env_FFLAGS_set=
ac_cv_env_FFLAGS_value=
ac_cv_env_LDFLAGS_set=
ac_cv_env_LDFLAGS_value=
ac_cv_env_LIBS_set=
ac_cv_env_LIBS_value=
ac_cv_env_build_alias_set=
ac_cv_env_build_alias_value=
ac_cv_env_host_alias_set=set
ac_cv_env_host_alias_value=arm-linux
ac_cv_env_target_alias_set=
ac_cv_env_target_alias_value=
ac_cv_f77_compiler_gnu=yes
ac_cv_have_decl_MP4Create=no
ac_cv_have_decl_MP4MetadataDelete=no
ac_cv_have_decl_memcpy=yes
ac_cv_have_decl_strcasecmp=yes
ac_cv_have_decl_strchr=yes
ac_cv_have_decl_strsep=yes
ac_cv_header_dlfcn_h=yes
ac_cv_header_float_h=yes
ac_cv_header_getopt_h=yes
ac_cv_header_inttypes_h=yes
ac_cv_header_mathf_h=no
ac_cv_header_memory_h=yes
ac_cv_header_stdc=yes
ac_cv_header_stdint_h=yes
ac_cv_header_stdlib_h=yes
ac_cv_header_string_h=yes
ac_cv_header_strings_h=yes
ac_cv_header_sys_stat_h=yes
ac_cv_header_sys_time_h=yes
ac_cv_header_sys_types_h=yes
ac_cv_header_time=yes
ac_cv_header_unistd_h=yes
ac_cv_host=arm-unknown-linux-gnu
ac_cv_lib_gnugetopt_getopt_long=no
ac_cv_member_fpos_t___pos=no
ac_cv_objext=o
ac_cv_path_EGREP='/usr/bin/grep -E'
ac_cv_path_GREP=/usr/bin/grep
ac_cv_path_install='/usr/bin/install -c'
ac_cv_prog_AR=/Users/yangshiqu/Library/Android/sdk/ndk/android-ndk-r10e/toolchains/aarch64-linux-android-4.9/prebuilt/darwin-x86_64/bin/aarch64-linux-android-ar
ac_cv_prog_AWK=awk
ac_cv_prog_CC='/Users/yangshiqu/Library/Android/sdk/ndk/android-ndk-r10e/toolchains/aarch64-linux-android-4.9/prebuilt/darwin-x86_64/bin/aarch64-linux-android-gcc --sysroot=/Users/yangshiqu/Library/Android/sdk/ndk/android-ndk-r10e/platforms/android-21/arch-arm64'
ac_cv_prog_CPP='/Users/yangshiqu/Library/Android/sdk/ndk/android-ndk-r10e/toolchains/aarch64-linux-android-4.9/prebuilt/darwin-x86_64/bin/aarch64-linux-android-gcc --sysroot=/Users/yangshiqu/Library/Android/sdk/ndk/android-ndk-r10e/platforms/android-21/arch-arm64 -E'
ac_cv_prog_CXXCPP='/Users/yangshiqu/Library/Android/sdk/ndk/android-ndk-r10e/toolchains/aarch64-linux-android-4.9/prebuilt/darwin-x86_64/bin/aarch64-linux-android-g++ --sysroot=/Users/yangshiqu/Library/Android/sdk/ndk/android-ndk-r10e/platforms/android-21/arch-arm64 -E'
ac_cv_prog_RANLIB=/Users/yangshiqu/Library/Android/sdk/ndk/android-ndk-r10e/toolchains/aarch64-linux-android-4.9/prebuilt/darwin-x86_64/bin/aarch64-linux-android-ranlib
ac_cv_prog_STRIP=/Users/yangshiqu/Library/Android/sdk/ndk/android-ndk-r10e/toolchains/aarch64-linux-android-4.9/prebuilt/darwin-x86_64/bin/aarch64-linux-android-strip
ac_cv_prog_ac_ct_F77=gfortran
ac_cv_prog_cc_c89=
ac_cv_prog_cc_g=yes
ac_cv_prog_cxx_g=yes
ac_cv_prog_f77_g=yes
ac_cv_prog_make_make_set=yes
ac_cv_sys_file_offset_bits=no
ac_cv_sys_largefile_CC=no
ac_cv_type_in_port_t=no
ac_cv_type_int16_t=yes
ac_cv_type_int32_t=yes
ac_cv_type_off_t=yes
ac_cv_type_socklen_t=yes
ac_cv_type_u_int16_t=yes
ac_cv_type_u_int32_t=yes
am_cv_CC_dependencies_compiler_type=gcc3
am_cv_CXX_dependencies_compiler_type=gcc3
lt_cv_deplibs_check_method=pass_all
lt_cv_file_magic_cmd='$MAGIC_CMD'
lt_cv_file_magic_test_file=
lt_cv_ld_reload_flag=-r
lt_cv_objdir=.libs
lt_cv_path_LD=/Users/yangshiqu/Library/Android/sdk/ndk/android-ndk-r10e/toolchains/aarch64-linux-android-4.9/prebuilt/darwin-x86_64/aarch64-linux-android/bin/ld
lt_cv_path_LDCXX=/Users/yangshiqu/Library/Android/sdk/ndk/android-ndk-r10e/toolchains/aarch64-linux-android-4.9/prebuilt/darwin-x86_64/aarch64-linux-android/bin/ld
lt_cv_path_NM=/Users/yangshiqu/Library/Android/sdk/ndk/android-ndk-r10e/toolchains/aarch64-linux-android-4.9/prebuilt/darwin-x86_64/bin/aarch64-linux-android-nm
lt_cv_path_SED=/usr/bin/sed
lt_cv_prog_compiler_c_o=yes
lt_cv_prog_compiler_c_o_CXX=yes
lt_cv_prog_compiler_c_o_F77=yes
lt_cv_prog_compiler_rtti_exceptions=no
lt_cv_prog_gnu_ld=yes
lt_cv_prog_gnu_ldcxx=yes
lt_cv_sys_global_symbol_pipe='sed -n -e '\''s/^.*[ 	]\([ABCDGIRSTW][ABCDGIRSTW]*\)[ 	][ 	]*\([_A-Za-z][_A-Za-z0-9]*\)$/\1 \2 \2/p'\'''
lt_cv_sys_global_symbol_to_c_name_address='sed -n -e '\''s/^: \([^ ]*\) $/  {\"\1\", (lt_ptr) 0},/p'\'' -e '\''s/^[BCDEGRST] \([^ ]*\) \([^ ]*\)$/  {"\2", (lt_ptr) \&\2},/p'\'''
lt_cv_sys_global_symbol_to_cdecl='sed -n -e '\''s/^. .* \(.*\)$/extern int \1;/p'\'''
lt_cv_sys_max_cmd_len=196608
lt_lt_cv_prog_compiler_c_o='"yes"'
lt_lt_cv_prog_compiler_c_o_CXX='"yes"'
lt_lt_cv_prog_compiler_c_o_F77='"yes"'
lt_lt_cv_sys_global_symbol_pipe='"sed -n -e '\''s/^.*[ 	]\\([ABCDGIRSTW][ABCDGIRSTW]*\\)[ 	][ 	]*\\([_A-Za-z][_A-Za-z0-9]*\\)\$/\\1 \\2 \\2/p'\''"'
lt_lt_cv_sys_global_symbol_to_c_name_address='"sed -n -e '\''s/^: \\([^ ]*\\) \$/  {\\\"\\1\\\", (lt_ptr) 0},/p'\'' -e '\''s/^[BCDEGRST] \\([^ ]*\\) \\([^ ]*\\)\$/  {\"\\2\", (lt_ptr) \\&\\2},/p'\''"'
lt_lt_cv_sys_global_symbol_to_cdecl='"sed -n -e '\''s/^. .* \\(.*\\)\$/extern int \\1;/p'\''"'

## ----------------- ##
## Output variables. ##
## ----------------- ##

ACLOCAL='${SHELL} /Users/yangshiqu/Documents/Cache/AndroidCodeAndApp/NDKLib/libfaac/faac-1.28/missing --run aclocal-1.9'
AMDEPBACKSLASH='\'
AMDEP_FALSE='#'
AMDEP_TRUE=''
AMTAR='${SHELL} /Users/yangshiqu/Documents/Cache/AndroidCodeAndApp/NDKLib/libfaac/faac-1.28/missing --run tar'
AR='/Users/yangshiqu/Library/Android/sdk/ndk/android-ndk-r10e/toolchains/aarch64-linux-android-4.9/prebuilt/darwin-x86_64/bin/aarch64-linux-android-ar'
AUTOCONF='${SHELL} /Users/yangshiqu/Documents/Cache/AndroidCodeAndApp/NDKLib/libfaac/faac-1.28/missing --run autoconf'
AUTOHEADER='${SHELL} /Users/yangshiqu/Documents/Cache/AndroidCodeAndApp/NDKLib/libfaac/faac-1.28/missing --run autoheader'
AUTOMAKE='${SHELL} /Users/yangshiqu/Documents/Cache/AndroidCodeAndApp/NDKLib/libfaac/faac-1.28/missing --run automake-1.9'
AWK='awk'
CC='/Users/yangshiqu/Library/Android/sdk/ndk/android-ndk-r10e/toolchains/aarch64-linux-android-4.9/prebuilt/darwin-x86_64/bin/aarch64-linux-android-gcc --sysroot=/Users/yangshiqu/Library/Android/sdk/ndk/android-ndk-r10e/platforms/android-21/arch-arm64'
CCDEPMODE='depmode=gcc3'
CFLAGS='-O2 -Wall'
CPP='/Users/yangshiqu/Library/Android/sdk/ndk/android-ndk-r10e/toolchains/aarch64-linux-android-4.9/prebuilt/darwin-x86_64/bin/aarch64-linux-android-gcc --sysroot=/Users/yangshiqu/Library/Android/sdk/ndk/android-ndk-r10e/platforms/android-21/arch-arm64 -E'
CPPFLAGS=''
CXX='/Users/yangshiqu/Library/Android/sdk/ndk/android-ndk-r10e/toolchains/aarch64-linux-android-4.9/prebuilt/darwin-x86_64/bin/aarch64-linux-android-g++ --sysroot=/Users/yangshiqu/Library/Android/sdk/ndk/android-ndk-r10e/platforms/android-21/arch-arm64'
CXXCPP='/Users/yangshiqu/Library/Android/sdk/ndk/android-ndk-r10e/toolchains/aarch64-linux-android-4.9/prebuilt/darwin-x86_64/bin/aarch64-linux-android-g++ --sysroot=/Users/yangshiqu/Library/Android/sdk/ndk/android-ndk-r10e/platforms/android-21/arch-arm64 -E'
CXXDEPMODE='depmode=gcc3'
CXXFLAGS='-g -O2'
CYGPATH_W='echo'
DEFS='-DHAVE_CONFIG_H'
DEPDIR='.deps'
ECHO='/bin/echo'
ECHO_C='ECHO_N=''
ECHO_T=''
EGREP='/usr/bin/grep -E'
EXEEXT=''
F77='gfortran'
FFLAGS='-g -O2'
GREP='/usr/bin/grep'
INSTALL_DATA='${INSTALL} -m 644'
INSTALL_PROGRAM='${INSTALL}'
INSTALL_SCRIPT='${INSTALL}'
INSTALL_STRIP_PROGRAM='${SHELL} $(install_sh) -c -s'
LDFLAGS=''
LIBOBJS=''
LIBS=''
LIBTOOL='$(SHELL) $(top_builddir)/libtool'
LN_S='ln -s'
LTLIBOBJS=''
MAKEINFO='${SHELL} /Users/yangshiqu/Documents/Cache/AndroidCodeAndApp/NDKLib/libfaac/faac-1.28/missing --run makeinfo'
OBJEXT='o'
PACKAGE='faac'
PACKAGE_BUGREPORT='faac-dev@lists.sourceforge.net'
PACKAGE_NAME='FAAC'
PACKAGE_STRING='FAAC 1.28'
PACKAGE_TARNAME='faac'
PACKAGE_VERSION='1.28'
PATH_SEPARATOR=':'
RANLIB='/Users/yangshiqu/Library/Android/sdk/ndk/android-ndk-r10e/toolchains/aarch64-linux-android-4.9/prebuilt/darwin-x86_64/bin/aarch64-linux-android-ranlib'
SET_MAKE=''
SHELL='/bin/sh'
STRIP='/Users/yangshiqu/Library/Android/sdk/ndk/android-ndk-r10e/toolchains/aarch64-linux-android-4.9/prebuilt/darwin-x86_64/bin/aarch64-linux-android-strip'
USE_DRM_FALSE=''
USE_DRM_TRUE='#'
VERSION='1.28'
WITH_MP4V2_FALSE='#'
WITH_MP4V2_TRUE=''
ac_ct_CC=''
ac_ct_CXX=''
ac_ct_F77='gfortran'
am__fastdepCC_FALSE='#'
am__fastdepCC_TRUE=''
am__fastdepCXX_FALSE='#'
am__fastdepCXX_TRUE=''
am__include='include'
am__leading_dot='.'
am__quote=''
am__tar='${AMTAR} chof - "$$tardir"'
am__untar='${AMTAR} xf -'
bindir='${exec_prefix}/bin'
build='i386-apple-darwin19.4.0'
build_alias=''
build_cpu='i386'
build_os='darwin19.4.0'
build_vendor='apple'
datadir='${datarootdir}'
datarootdir='${prefix}/share'
docdir='${datarootdir}/doc/${PACKAGE_TARNAME}'
dvidir='${docdir}'
exec_prefix='${prefix}'
host='arm-unknown-linux-gnu'
host_alias='arm-linux'
host_cpu='arm'
host_os='linux-gnu'
host_vendor='unknown'
htmldir='${docdir}'
includedir='${prefix}/include'
infodir='${datarootdir}/info'
install_sh='/Users/yangshiqu/Documents/Cache/AndroidCodeAndApp/NDKLib/libfaac/faac-1.28/install-sh'
libdir='${exec_prefix}/lib'
libexecdir='${exec_prefix}/libexec'
localedir='${datarootdir}/locale'
localstatedir='${prefix}/var'
mandir='${datarootdir}/man'
mkdir_p='$(install_sh) -d'
oldincludedir='/usr/include'
pdfdir='${docdir}'
prefix='/Users/yangshiqu/Documents/Cache/AndroidCodeAndApp/NDKLib/libfaac/faac-1.28/obj/arm64-v8a'
program_transform_name='s,x,x,'
psdir='${docdir}'
sbindir='${exec_prefix}/sbin'
sharedstatedir='${prefix}/com'
sysconfdir='${prefix}/etc'
target_alias=''

## ----------- ##
## confdefs.h. ##
## ----------- ##

#define PACKAGE_NAME "FAAC"
#define PACKAGE_TARNAME "faac"
#define PACKAGE_VERSION "1.28"
#define PACKAGE_STRING "FAAC 1.28"
#define PACKAGE_BUGREPORT "faac-dev@lists.sourceforge.net"
#define PACKAGE "faac"
#define VERSION "1.28"
#define STDC_HEADERS 1
#define HAVE_SYS_TYPES_H 1
#define HAVE_SYS_STAT_H 1
#define HAVE_STDLIB_H 1
#define HAVE_STRING_H 1
#define HAVE_MEMORY_H 1
#define HAVE_STRINGS_H 1
#define HAVE_INTTYPES_H 1
#define HAVE_STDINT_H 1
#define HAVE_UNISTD_H 1
#define HAVE_DLFCN_H 1
#define HAVE_GETOPT_H 1
#define HAVE_U_INT32_T 1
#define HAVE_U_INT16_T 1
#define HAVE_INT32_T 1
#define HAVE_INT16_T 1
#define HAVE_STRCASECMP 1
#define HAVE_DECL_MP4CREATE 0
#define HAVE_DECL_MP4METADATADELETE 0
#define HAVE_LIBMP4V2 1
#define STDC_HEADERS 1
#define HAVE_STDINT_H 1
#define HAVE_INTTYPES_H 1
#define HAVE_FLOAT_H 1
#define HAVE_STRCHR 1
#define HAVE_MEMCPY 1
#define HAVE_STRSEP 1
#define HAVE_SYS_TIME_H 1
#define TIME_WITH_SYS_TIME 1
#define HAVE_SOCKLEN_T 1

configure: exit 0
